#
# A fatal error has been detected by the Java Runtime Environment:
#
#  SIGSEGV (0xb) at pc=0x00007f204d58da88, pid=3508, tid=139776826103552
#
# JRE version: OpenJDK Runtime Environment (7.0_65-b32) (build 1.7.0_65-b32)
# Java VM: OpenJDK 64-Bit Server VM (24.65-b04 mixed mode linux-amd64 compressed oops)
# Derivative: IcedTea 2.5.3
# Distribution: Ubuntu 14.04 LTS, package 7u71-2.5.3-0ubuntu0.14.04.1
# Problematic frame:
# C  [nouveau_dri.so+0x2d2a88]
#
# Failed to write core dump. Core dumps have been disabled. To enable core dumping, try "ulimit -c unlimited" before starting Java again
#
# If you would like to submit a bug report, please include
# instructions on how to reproduce the bug and visit:
#   http://icedtea.classpath.org/bugzilla
# The crash happened outside the Java Virtual Machine in native code.
# See problematic frame for where to report the bug.
#

---------------  T H R E A D  ---------------

Current thread (0x00007f209439c000):  JavaThread "LWJGL Application" [_thread_in_native, id=3531, stack(0x00007f2054015000,0x00007f2054116000)]

siginfo:si_signo=SIGSEGV: si_errno=0, si_code=1 (SEGV_MAPERR), si_addr=0x000000000000005d

Registers:
RAX=0x0000000000000001, RBX=0x00007f203804a980, RCX=0x0000000000000000, RDX=0x0000000000000000
RSP=0x00007f2054113f90, RBP=0x00007f20387a1c60, RSI=0x00007f204c612520, RDI=0x0000000000000001
R8 =0x00007f2038034900, R9 =0xffffffffec173aa8, R10=0x00007f20387a1d40, R11=0x0000000000000000
R12=0x00007f2038034180, R13=0x0000000000000000, R14=0x0000000000000900, R15=0x0000000000000000
RIP=0x00007f204d58da88, EFLAGS=0x0000000000010246, CSGSFS=0x0000000000000033, ERR=0x0000000000000004
  TRAPNO=0x000000000000000e

Top of Stack: (sp=0x00007f2054113f90)
0x00007f2054113f90:   00007f2054113fbf 01007f204d52b043
0x00007f2054113fa0:   00007f2038773ce0 0000000038773ce0
0x00007f2054113fb0:   00007f20380344e8 00007f20387ab870
0x00007f2054113fc0:   00007f20387aba68 00007f203878ec98
0x00007f2054113fd0:   00007f20387ab870 00007f20387ab870
0x00007f2054113fe0:   00007f20387aba68 0000000000000028
0x00007f2054113ff0:   0000000000091820 00007f2038000020
0x00007f2054114000:   00007f20387b7f30 00000000000904b0
0x00007f2054114010:   0000000000000001 00007f209b256fed
0x00007f2054114020:   00007f2000000000 00007f203804a980
0x00007f2054114030:   00007f20380527c0 00007f2038778aa0
0x00007f2054114040:   00007f2038778bf8 0000000000000000
0x00007f2054114050:   00007f20541140a0 00007f204d5916aa
0x00007f2054114060:   00007f20541140c0 00007f20541140b0
0x00007f2054114070:   0000000038035520 00007f2038034180
0x00007f2054114080:   00007f2038778aa0 00007f20541140a0
0x00007f2054114090:   0803040300000404 00007f203804a980
0x00007f20541140a0:   000000000000b620 000000000000001e
0x00007f20541140b0:   0000000000000000 0000000000000000
0x00007f20541140c0:   4006050403020100 4040404040404040
0x00007f20541140d0:   4040404040404040 4040404040404040
0x00007f20541140e0:   4040404040404040 4040404040404040
0x00007f20541140f0:   4040404040404040 4040404040404040
0x00007f2054114100:   00007f2038778aa0 00007f204d5902cf
0x00007f2054114110:   00007f2038034180 0000000000000002
0x00007f2054114120:   0000000000000002 0000000000000028
0x00007f2054114130:   00007f2038034180 0000002000000021
0x00007f2054114140:   000000200000007e 000000020007e021
0x00007f2054114150:   00007f2038778aa0 00007f204d8cca58
0x00007f2054114160:   00007f2038034180 000000000007e08f
0x00007f2054114170:   00007f204d8cca68 00007f2038131e90
0x00007f2054114180:   00007f204d611b80 00007f204d5838e4 

Instructions: (pc=0x00007f204d58da88)
0x00007f204d58da68:   5c f6 c1 02 74 e2 83 e1 fd 88 4a 5c 41 c6 84 24
0x00007f204d58da78:   78 02 00 00 01 e9 12 fb ff ff 66 0f 1f 44 00 00
0x00007f204d58da88:   41 0f b6 4f 5d 49 8b 57 50 be 01 00 00 00 49 8b
0x00007f204d58da98:   bc 24 00 03 00 00 4c 89 44 24 10 4c 89 54 24 08 

Register to memory mapping:

RAX=0x0000000000000001 is an unknown value
RBX=0x00007f203804a980 is an unknown value
RCX=0x0000000000000000 is an unknown value
RDX=0x0000000000000000 is an unknown value
RSP=0x00007f2054113f90 is pointing into the stack for thread: 0x00007f209439c000
RBP=0x00007f20387a1c60 is an unknown value
RSI=0x00007f204c612520 is an unknown value
RDI=0x0000000000000001 is an unknown value
R8 =0x00007f2038034900 is an unknown value
R9 =0xffffffffec173aa8 is an unknown value
R10=0x00007f20387a1d40 is an unknown value
R11=0x0000000000000000 is an unknown value
R12=0x00007f2038034180 is an unknown value
R13=0x0000000000000000 is an unknown value
R14=0x0000000000000900 is an unknown value
R15=0x0000000000000000 is an unknown value


Stack: [0x00007f2054015000,0x00007f2054116000],  sp=0x00007f2054113f90,  free space=1019k
Native frames: (J=compiled Java code, j=interpreted, Vv=VM code, C=native code)
C  [nouveau_dri.so+0x2d2a88]

Java frames: (J=compiled Java code, j=interpreted, Vv=VM code)
j  org.lwjgl.opengl.GL11.nglDrawElementsBO(IIIJJ)V+0
j  org.lwjgl.opengl.GL11.glDrawElements(IIIJ)V+28
j  com.badlogic.gdx.backends.lwjgl.LwjglGL20.glDrawElements(IIII)V+6
j  com.badlogic.gdx.graphics.Mesh.render(Lcom/badlogic/gdx/graphics/glutils/ShaderProgram;IIIZ)V+151
j  com.badlogic.gdx.graphics.g3d.shaders.BaseShader.render(Lcom/badlogic/gdx/graphics/g3d/Renderable;Lcom/badlogic/gdx/graphics/g3d/Attributes;)V+149
j  com.badlogic.gdx.graphics.g3d.shaders.BaseShader.render(Lcom/badlogic/gdx/graphics/g3d/Renderable;)V+62
j  com.badlogic.gdx.graphics.g3d.shaders.DefaultShader.render(Lcom/badlogic/gdx/graphics/g3d/Renderable;)V+46
j  com.badlogic.gdx.graphics.g3d.ModelBatch.flush()V+83
j  com.badlogic.gdx.graphics.g3d.ModelBatch.end()V+1
j  com.odmyhal.sf.SeaFight.render()V+97
j  com.badlogic.gdx.backends.lwjgl.LwjglApplication.mainLoop()V+632
j  com.badlogic.gdx.backends.lwjgl.LwjglApplication$1.run()V+27
v  ~StubRoutines::call_stub

---------------  P R O C E S S  ---------------

Java Threads: ( => current thread )
  0x00007f203863a800 JavaThread "Motor-thread-4" daemon [_thread_blocked, id=3541, stack(0x00007f204c00e000,0x00007f204c10f000)]
  0x00007f2038638800 JavaThread "Motor-thread-3" daemon [_thread_blocked, id=3540, stack(0x00007f204c10f000,0x00007f204c210000)]
  0x00007f2038637000 JavaThread "Motor-thread-2" daemon [_thread_blocked, id=3539, stack(0x00007f204c210000,0x00007f204c311000)]
  0x00007f2038632800 JavaThread "Motor-thread-1" daemon [_thread_in_vm, id=3538, stack(0x00007f204c311000,0x00007f204c412000)]
  0x00007f2038551000 JavaThread "Timer-0" daemon [_thread_blocked, id=3537, stack(0x00007f204c412000,0x00007f204c513000)]
  0x00007f2038015000 JavaThread "process reaper" daemon [_thread_blocked, id=3533, stack(0x00007f208406c000,0x00007f20840a5000)]
  0x00007f209400b800 JavaThread "DestroyJavaVM" [_thread_blocked, id=3513, stack(0x00007f209b8b1000,0x00007f209b9b2000)]
=>0x00007f209439c000 JavaThread "LWJGL Application" [_thread_in_native, id=3531, stack(0x00007f2054015000,0x00007f2054116000)]
  0x00007f20942f9000 JavaThread "AWT-XAWT" daemon [_thread_in_native, id=3527, stack(0x00007f2056559000,0x00007f205665a000)]
  0x00007f20942dc800 JavaThread "Java2D Disposer" daemon [_thread_blocked, id=3526, stack(0x00007f208c013000,0x00007f208c114000)]
  0x00007f20940b2800 JavaThread "Service Thread" daemon [_thread_blocked, id=3524, stack(0x00007f208c4a1000,0x00007f208c5a2000)]
  0x00007f20940b0000 JavaThread "C2 CompilerThread1" daemon [_thread_blocked, id=3523, stack(0x00007f208c5a2000,0x00007f208c6a3000)]
  0x00007f20940ad000 JavaThread "C2 CompilerThread0" daemon [_thread_blocked, id=3522, stack(0x00007f208c6a3000,0x00007f208c7a4000)]
  0x00007f20940ab000 JavaThread "Signal Dispatcher" daemon [_thread_blocked, id=3521, stack(0x00007f208c7a4000,0x00007f208c8a5000)]
  0x00007f209407d000 JavaThread "Finalizer" daemon [_thread_blocked, id=3520, stack(0x00007f208d0f1000,0x00007f208d1f2000)]
  0x00007f209407b000 JavaThread "Reference Handler" daemon [_thread_blocked, id=3519, stack(0x00007f208d1f2000,0x00007f208d2f3000)]

Other Threads:
  0x00007f2094076800 VMThread [stack: 0x00007f208d2f3000,0x00007f208d3f4000] [id=3518]
  0x00007f20940bd800 WatcherThread [stack: 0x00007f208c3a0000,0x00007f208c4a1000] [id=3525]

VM state:not at safepoint (normal execution)

VM Mutex/Monitor currently owned by a thread: None

Heap
 PSYoungGen      total 68096K, used 18980K [0x00000000eb600000, 0x00000000f3d00000, 0x0000000100000000)
  eden space 65536K, 25% used [0x00000000eb600000,0x00000000ec63daa8,0x00000000ef600000)
  from space 2560K, 91% used [0x00000000ef600000,0x00000000ef84b6f0,0x00000000ef880000)
  to   space 3584K, 0% used [0x00000000f3980000,0x00000000f3980000,0x00000000f3d00000)
 ParOldGen       total 41984K, used 997K [0x00000000c2200000, 0x00000000c4b00000, 0x00000000eb600000)
  object space 41984K, 2% used [0x00000000c2200000,0x00000000c22f95d8,0x00000000c4b00000)
 PSPermGen       total 21504K, used 11637K [0x00000000b7c00000, 0x00000000b9100000, 0x00000000c2200000)
  object space 21504K, 54% used [0x00000000b7c00000,0x00000000b875d400,0x00000000b9100000)

Card table byte_map: [0x00007f20982ad000,0x00007f20984f0000] byte_map_base: 0x00007f2097cef000

Polling page: 0x00007f209b9ca000

Code Cache  [0x00007f2091000000, 0x00007f2091270000, 0x00007f2094000000)
 total_blobs=655 nmethods=90 adapters=520 free_code_cache=48423Kb largest_free_block=49569024

Compilation events (10 events):
Event: 1,300 Thread 0x00007f20940ad000 nmethod 83 0x00007f20910ae250 code [0x00007f20910ae3c0, 0x00007f20910ae768]
Event: 1,300 Thread 0x00007f20940b0000 nmethod 85 0x00007f20910abf10 code [0x00007f20910ac040, 0x00007f20910ac098]
Event: 1,306 Thread 0x00007f20940ad000   87 % !         org.bricks.engine.Motor::run @ 175 (272 bytes)
Event: 1,319 Thread 0x00007f20940b0000   88             java.lang.StringBuilder::append (8 bytes)
Event: 1,324 Thread 0x00007f20940b0000 nmethod 88 0x00007f20910b7090 code [0x00007f20910b7200, 0x00007f20910b75b8]
Event: 1,329 Thread 0x00007f20940ad000 nmethod 87% 0x00007f20910b7990 code [0x00007f20910b7c00, 0x00007f20910b8d70]
Event: 1,350 Thread 0x00007f20940b0000   89             org.lwjgl.opengl.APIUtil::encode (58 bytes)
Event: 1,356 Thread 0x00007f20940b0000 nmethod 89 0x00007f20910b9890 code [0x00007f20910b99e0, 0x00007f20910b9d38]
Event: 1,360 Thread 0x00007f20940ad000   90             java.util.Arrays::copyOf (19 bytes)
Event: 1,361 Thread 0x00007f20940ad000 nmethod 90 0x00007f20910b9ed0 code [0x00007f20910ba020, 0x00007f20910ba1f8]

GC Heap History (10 events):
Event: 0,977 GC heap before
{Heap before GC invocations=1 (full 0):
 PSYoungGen      total 18944K, used 16384K [0x00000000eb600000, 0x00000000ecb00000, 0x0000000100000000)
  eden space 16384K, 100% used [0x00000000eb600000,0x00000000ec600000,0x00000000ec600000)
  from space 2560K, 0% used [0x00000000ec880000,0x00000000ec880000,0x00000000ecb00000)
  to   space 2560K, 0% used [0x00000000ec600000,0x00000000ec600000,0x00000000ec880000)
 ParOldGen       total 41984K, used 0K [0x00000000c2200000, 0x00000000c4b00000, 0x00000000eb600000)
  object space 41984K, 0% used [0x00000000c2200000,0x00000000c2200000,0x00000000c4b00000)
 PSPermGen       total 21504K, used 10448K [0x00000000b7c00000, 0x00000000b9100000, 0x00000000c2200000)
  object space 21504K, 48% used [0x00000000b7c00000,0x00000000b8634230,0x00000000b9100000)
Event: 0,988 GC heap after
Heap after GC invocations=1 (full 0):
 PSYoungGen      total 18944K, used 2541K [0x00000000eb600000, 0x00000000edb00000, 0x0000000100000000)
  eden space 16384K, 0% used [0x00000000eb600000,0x00000000eb600000,0x00000000ec600000)
  from space 2560K, 99% used [0x00000000ec600000,0x00000000ec87b578,0x00000000ec880000)
  to   space 2560K, 0% used [0x00000000ed880000,0x00000000ed880000,0x00000000edb00000)
 ParOldGen       total 41984K, used 989K [0x00000000c2200000, 0x00000000c4b00000, 0x00000000eb600000)
  object space 41984K, 2% used [0x00000000c2200000,0x00000000c22f75d8,0x00000000c4b00000)
 PSPermGen       total 21504K, used 10448K [0x00000000b7c00000, 0x00000000b9100000, 0x00000000c2200000)
  object space 21504K, 48% used [0x00000000b7c00000,0x00000000b8634230,0x00000000b9100000)
}
Event: 1,016 GC heap before
{Heap before GC invocations=2 (full 0):
 PSYoungGen      total 18944K, used 18914K [0x00000000eb600000, 0x00000000edb00000, 0x0000000100000000)
  eden space 16384K, 99% used [0x00000000eb600000,0x00000000ec5fd540,0x00000000ec600000)
  from space 2560K, 99% used [0x00000000ec600000,0x00000000ec87b578,0x00000000ec880000)
  to   space 2560K, 0% used [0x00000000ed880000,0x00000000ed880000,0x00000000edb00000)
 ParOldGen       total 41984K, used 989K [0x00000000c2200000, 0x00000000c4b00000, 0x00000000eb600000)
  object space 41984K, 2% used [0x00000000c2200000,0x00000000c22f75d8,0x00000000c4b00000)
 PSPermGen       total 21504K, used 10453K [0x00000000b7c00000, 0x00000000b9100000, 0x00000000c2200000)
  object space 21504K, 48% used [0x00000000b7c00000,0x00000000b8635788,0x00000000b9100000)
Event: 1,022 GC heap after
Heap after GC invocations=2 (full 0):
 PSYoungGen      total 35328K, used 1926K [0x00000000eb600000, 0x00000000edb00000, 0x0000000100000000)
  eden space 32768K, 0% used [0x00000000eb600000,0x00000000eb600000,0x00000000ed600000)
  from space 2560K, 75% used [0x00000000ed880000,0x00000000eda61a38,0x00000000edb00000)
  to   space 2560K, 0% used [0x00000000ed600000,0x00000000ed600000,0x00000000ed880000)
 ParOldGen       total 41984K, used 997K [0x00000000c2200000, 0x00000000c4b00000, 0x00000000eb600000)
  object space 41984K, 2% used [0x00000000c2200000,0x00000000c22f95d8,0x00000000c4b00000)
 PSPermGen       total 21504K, used 10453K [0x00000000b7c00000, 0x00000000b9100000, 0x00000000c2200000)
  object space 21504K, 48% used [0x00000000b7c00000,0x00000000b8635788,0x00000000b9100000)
}
Event: 1,058 GC heap before
{Heap before GC invocations=3 (full 0):
 PSYoungGen      total 35328K, used 34687K [0x00000000eb600000, 0x00000000edb00000, 0x0000000100000000)
  eden space 32768K, 99% used [0x00000000eb600000,0x00000000ed5fe230,0x00000000ed600000)
  from space 2560K, 75% used [0x00000000ed880000,0x00000000eda61a38,0x00000000edb00000)
  to   space 2560K, 0% used [0x00000000ed600000,0x00000000ed600000,0x00000000ed880000)
 ParOldGen       total 41984K, used 997K [0x00000000c2200000, 0x00000000c4b00000, 0x00000000eb600000)
  object space 41984K, 2% used [0x00000000c2200000,0x00000000c22f95d8,0x00000000c4b00000)
 PSPermGen       total 21504K, used 10456K [0x00000000b7c00000, 0x00000000b9100000, 0x00000000c2200000)
  object space 21504K, 48% used [0x00000000b7c00000,0x00000000b86360c0,0x00000000b9100000)
Event: 1,064 GC heap after
Heap after GC invocations=3 (full 0):
 PSYoungGen      total 35328K, used 2126K [0x00000000eb600000, 0x00000000efb00000, 0x0000000100000000)
  eden space 32768K, 0% used [0x00000000eb600000,0x00000000eb600000,0x00000000ed600000)
  from space 2560K, 83% used [0x00000000ed600000,0x00000000ed813878,0x00000000ed880000)
  to   space 2560K, 0% used [0x00000000ef880000,0x00000000ef880000,0x00000000efb00000)
 ParOldGen       total 41984K, used 997K [0x00000000c2200000, 0x00000000c4b00000, 0x00000000eb600000)
  object space 41984K, 2% used [0x00000000c2200000,0x00000000c22f95d8,0x00000000c4b00000)
 PSPermGen       total 21504K, used 10456K [0x00000000b7c00000, 0x00000000b9100000, 0x00000000c2200000)
  object space 21504K, 48% used [0x00000000b7c00000,0x00000000b86360c0,0x00000000b9100000)
}
Event: 1,089 GC heap before
{Heap before GC invocations=4 (full 0):
 PSYoungGen      total 35328K, used 34894K [0x00000000eb600000, 0x00000000efb00000, 0x0000000100000000)
  eden space 32768K, 100% used [0x00000000eb600000,0x00000000ed600000,0x00000000ed600000)
  from space 2560K, 83% used [0x00000000ed600000,0x00000000ed813878,0x00000000ed880000)
  to   space 2560K, 0% used [0x00000000ef880000,0x00000000ef880000,0x00000000efb00000)
 ParOldGen       total 41984K, used 997K [0x00000000c2200000, 0x00000000c4b00000, 0x00000000eb600000)
  object space 41984K, 2% used [0x00000000c2200000,0x00000000c22f95d8,0x00000000c4b00000)
 PSPermGen       total 21504K, used 10462K [0x00000000b7c00000, 0x00000000b9100000, 0x00000000c2200000)
  object space 21504K, 48% used [0x00000000b7c00000,0x00000000b8637948,0x00000000b9100000)
Event: 1,096 GC heap after
Heap after GC invocations=4 (full 0):
 PSYoungGen      total 68096K, used 2214K [0x00000000eb600000, 0x00000000efb00000, 0x0000000100000000)
  eden space 65536K, 0% used [0x00000000eb600000,0x00000000eb600000,0x00000000ef600000)
  from space 2560K, 86% used [0x00000000ef880000,0x00000000efaa9a80,0x00000000efb00000)
  to   space 2560K, 0% used [0x00000000ef600000,0x00000000ef600000,0x00000000ef880000)
 ParOldGen       total 41984K, used 997K [0x00000000c2200000, 0x00000000c4b00000, 0x00000000eb600000)
  object space 41984K, 2% used [0x00000000c2200000,0x00000000c22f95d8,0x00000000c4b00000)
 PSPermGen       total 21504K, used 10462K [0x00000000b7c00000, 0x00000000b9100000, 0x00000000c2200000)
  object space 21504K, 48% used [0x00000000b7c00000,0x00000000b8637948,0x00000000b9100000)
}
Event: 1,160 GC heap before
{Heap before GC invocations=5 (full 0):
 PSYoungGen      total 68096K, used 67723K [0x00000000eb600000, 0x00000000efb00000, 0x0000000100000000)
  eden space 65536K, 99% used [0x00000000eb600000,0x00000000ef5f9338,0x00000000ef600000)
  from space 2560K, 86% used [0x00000000ef880000,0x00000000efaa9a80,0x00000000efb00000)
  to   space 2560K, 0% used [0x00000000ef600000,0x00000000ef600000,0x00000000ef880000)
 ParOldGen       total 41984K, used 997K [0x00000000c2200000, 0x00000000c4b00000, 0x00000000eb600000)
  object space 41984K, 2% used [0x00000000c2200000,0x00000000c22f95d8,0x00000000c4b00000)
 PSPermGen       total 21504K, used 10462K [0x00000000b7c00000, 0x00000000b9100000, 0x00000000c2200000)
  object space 21504K, 48% used [0x00000000b7c00000,0x00000000b8637948,0x00000000b9100000)
Event: 1,169 GC heap after
Heap after GC invocations=5 (full 0):
 PSYoungGen      total 68096K, used 2349K [0x00000000eb600000, 0x00000000f3d00000, 0x0000000100000000)
  eden space 65536K, 0% used [0x00000000eb600000,0x00000000eb600000,0x00000000ef600000)
  from space 2560K, 91% used [0x00000000ef600000,0x00000000ef84b6f0,0x00000000ef880000)
  to   space 3584K, 0% used [0x00000000f3980000,0x00000000f3980000,0x00000000f3d00000)
 ParOldGen       total 41984K, used 997K [0x00000000c2200000, 0x00000000c4b00000, 0x00000000eb600000)
  object space 41984K, 2% used [0x00000000c2200000,0x00000000c22f95d8,0x00000000c4b00000)
 PSPermGen       total 21504K, used 10462K [0x00000000b7c00000, 0x00000000b9100000, 0x00000000c2200000)
  object space 21504K, 48% used [0x00000000b7c00000,0x00000000b8637948,0x00000000b9100000)
}

Deoptimization events (2 events):
Event: 0,206 Thread 0x00007f209400b800 Uncommon trap: reason=class_check action=maybe_recompile pc=0x00007f2091066240 method=java.util.Properties$LineReader.readLine()I @ 62
Event: 1,083 Thread 0x00007f209439c000 Uncommon trap: reason=unreached action=reinterpret pc=0x00007f209109e544 method=com.badlogic.gdx.graphics.g3d.utils.MeshBuilder.vertex(Lcom/badlogic/gdx/math/Vector3;Lcom/badlogic/gdx/math/Vector3;Lcom/badlogic/gdx/graphics/Color;Lcom/badlogic/gdx/math/Ve

Internal exceptions (10 events):
Event: 1,367 Thread 0x00007f209439c000 Threw 0x00000000ec32c8f8 at /build/buildd/openjdk-7-7u71-2.5.3/build/openjdk/hotspot/src/share/vm/prims/jvm.cpp:1284
Event: 1,368 Thread 0x00007f209439c000 Threw 0x00000000ec332c10 at /build/buildd/openjdk-7-7u71-2.5.3/build/openjdk/hotspot/src/share/vm/prims/jvm.cpp:1284
Event: 1,368 Thread 0x00007f209439c000 Threw 0x00000000ec3dcb60 at /build/buildd/openjdk-7-7u71-2.5.3/build/openjdk/hotspot/src/share/vm/prims/jvm.cpp:1284
Event: 1,368 Thread 0x00007f209439c000 Threw 0x00000000ec3e2b78 at /build/buildd/openjdk-7-7u71-2.5.3/build/openjdk/hotspot/src/share/vm/prims/jvm.cpp:1284
Event: 1,369 Thread 0x00007f209439c000 Threw 0x00000000ec3e8b98 at /build/buildd/openjdk-7-7u71-2.5.3/build/openjdk/hotspot/src/share/vm/prims/jvm.cpp:1284
Event: 1,369 Thread 0x00007f209439c000 Threw 0x00000000ec3eeeb0 at /build/buildd/openjdk-7-7u71-2.5.3/build/openjdk/hotspot/src/share/vm/prims/jvm.cpp:1284
Event: 1,369 Thread 0x00007f209439c000 Threw 0x00000000ec3f4f98 at /build/buildd/openjdk-7-7u71-2.5.3/build/openjdk/hotspot/src/share/vm/prims/jvm.cpp:1284
Event: 1,370 Thread 0x00007f209439c000 Threw 0x00000000ec3fb8c0 at /build/buildd/openjdk-7-7u71-2.5.3/build/openjdk/hotspot/src/share/vm/prims/jvm.cpp:1284
Event: 1,383 Thread 0x00007f209439c000 Threw 0x00000000ec416d38 at /build/buildd/openjdk-7-7u71-2.5.3/build/openjdk/hotspot/src/share/vm/prims/jvm.cpp:1284
Event: 1,383 Thread 0x00007f209439c000 Threw 0x00000000ec41c208 at /build/buildd/openjdk-7-7u71-2.5.3/build/openjdk/hotspot/src/share/vm/prims/jvm.cpp:1284

Events (10 events):
Event: 1,369 loading class 0x00007f203873ad00
Event: 1,369 loading class 0x00007f203873ad00 done
Event: 1,369 loading class 0x00007f203873ad60
Event: 1,369 loading class 0x00007f203873ad60 done
Event: 1,370 loading class 0x00007f20386f5120
Event: 1,370 loading class 0x00007f20386f5120 done
Event: 1,383 loading class 0x00007f209416f4d0
Event: 1,383 loading class 0x00007f209416f4d0 done
Event: 1,383 loading class 0x00007f20387ad860
Event: 1,383 loading class 0x00007f20387ad860 done


Dynamic libraries:
00400000-00401000 r-xp 00000000 08:01 11802893                           /usr/lib/jvm/java-7-openjdk-amd64/jre/bin/java
00600000-00601000 r--p 00000000 08:01 11802893                           /usr/lib/jvm/java-7-openjdk-amd64/jre/bin/java
00601000-00602000 rw-p 00001000 08:01 11802893                           /usr/lib/jvm/java-7-openjdk-amd64/jre/bin/java
00d0b000-00d2c000 rw-p 00000000 00:00 0                                  [heap]
b7c00000-b9100000 rw-p 00000000 00:00 0 
b9100000-c2200000 rw-p 00000000 00:00 0 
c2200000-c4b00000 rw-p 00000000 00:00 0 
c4b00000-eb600000 rw-p 00000000 00:00 0 
eb600000-f3d00000 rw-p 00000000 00:00 0 
f3d00000-100000000 rw-p 00000000 00:00 0 
7f201c000000-7f201c021000 rw-p 00000000 00:00 0 
7f201c021000-7f2020000000 ---p 00000000 00:00 0 
7f2020000000-7f2020021000 rw-p 00000000 00:00 0 
7f2020021000-7f2024000000 ---p 00000000 00:00 0 
7f2024000000-7f2024240000 rw-p 00000000 00:00 0 
7f2024240000-7f2028000000 ---p 00000000 00:00 0 
7f2028000000-7f2028021000 rw-p 00000000 00:00 0 
7f2028021000-7f202c000000 ---p 00000000 00:00 0 
7f202c000000-7f202c021000 rw-p 00000000 00:00 0 
7f202c021000-7f2030000000 ---p 00000000 00:00 0 
7f2030000000-7f2030021000 rw-p 00000000 00:00 0 
7f2030021000-7f2034000000 ---p 00000000 00:00 0 
7f2034000000-7f2034021000 rw-p 00000000 00:00 0 
7f2034021000-7f2038000000 ---p 00000000 00:00 0 
7f2038000000-7f2038914000 rw-p 00000000 00:00 0 
7f2038914000-7f203c000000 ---p 00000000 00:00 0 
7f203c000000-7f203c021000 rw-p 00000000 00:00 0 
7f203c021000-7f2040000000 ---p 00000000 00:00 0 
7f2041a5e000-7f204245e000 rwxp 00000000 00:00 0 
7f204245e000-7f204265e000 rw-s 10f493000 00:05 8549                      /dev/dri/card0
7f204265e000-7f2043e5c000 r-xp 00000000 08:01 11804005                   /usr/lib/x86_64-linux-gnu/libLLVM-3.4.so.1
7f2043e5c000-7f2043fea000 r--p 017fd000 08:01 11804005                   /usr/lib/x86_64-linux-gnu/libLLVM-3.4.so.1
7f2043fea000-7f2043fec000 rw-p 0198b000 08:01 11804005                   /usr/lib/x86_64-linux-gnu/libLLVM-3.4.so.1
7f2043fec000-7f2043fff000 rw-p 00000000 00:00 0 
7f2043fff000-7f2048000000 rw-s 00000000 00:14 137577                     /run/shm/pulse-shm-109020109
7f2048000000-7f2048021000 rw-p 00000000 00:00 0 
7f2048021000-7f204c000000 ---p 00000000 00:00 0 
7f204c00e000-7f204c011000 ---p 00000000 00:00 0 
7f204c011000-7f204c10f000 rw-p 00000000 00:00 0                          [stack:3541]
7f204c10f000-7f204c112000 ---p 00000000 00:00 0 
7f204c112000-7f204c210000 rw-p 00000000 00:00 0                          [stack:3540]
7f204c210000-7f204c213000 ---p 00000000 00:00 0 
7f204c213000-7f204c311000 rw-p 00000000 00:00 0                          [stack:3539]
7f204c311000-7f204c314000 ---p 00000000 00:00 0 
7f204c314000-7f204c412000 rw-p 00000000 00:00 0                          [stack:3538]
7f204c412000-7f204c415000 ---p 00000000 00:00 0 
7f204c415000-7f204c513000 rw-p 00000000 00:00 0                          [stack:3537]
7f204c513000-7f204c587000 rw-p 00000000 00:00 0 
7f204c59e000-7f204c5be000 rw-s 10f693000 00:05 8549                      /dev/dri/card0
7f204c5be000-7f204c611000 rw-s 10f184000 00:05 8549                      /dev/dri/card0
7f204c611000-7f204c691000 rw-s 10bd99000 00:05 8549                      /dev/dri/card0
7f204c691000-7f204c6c8000 r-xp 00000000 08:01 11805081                   /usr/lib/x86_64-linux-gnu/libtxc_dxtn_s2tc.so.0.0.0
7f204c6c8000-7f204c8c7000 ---p 00037000 08:01 11805081                   /usr/lib/x86_64-linux-gnu/libtxc_dxtn_s2tc.so.0.0.0
7f204c8c7000-7f204c8c8000 r--p 00036000 08:01 11805081                   /usr/lib/x86_64-linux-gnu/libtxc_dxtn_s2tc.so.0.0.0
7f204c8c8000-7f204c8c9000 rw-p 00037000 08:01 11805081                   /usr/lib/x86_64-linux-gnu/libtxc_dxtn_s2tc.so.0.0.0
7f204c8c9000-7f204c8ee000 r-xp 00000000 08:01 9703442                    /lib/x86_64-linux-gnu/libtinfo.so.5.9
7f204c8ee000-7f204caed000 ---p 00025000 08:01 9703442                    /lib/x86_64-linux-gnu/libtinfo.so.5.9
7f204caed000-7f204caf1000 r--p 00024000 08:01 9703442                    /lib/x86_64-linux-gnu/libtinfo.so.5.9
7f204caf1000-7f204caf2000 rw-p 00028000 08:01 9703442                    /lib/x86_64-linux-gnu/libtinfo.so.5.9
7f204caf2000-7f204caf7000 r-xp 00000000 08:01 11804379                   /usr/lib/x86_64-linux-gnu/libdrm_nouveau.so.2.0.0
7f204caf7000-7f204ccf6000 ---p 00005000 08:01 11804379                   /usr/lib/x86_64-linux-gnu/libdrm_nouveau.so.2.0.0
7f204ccf6000-7f204ccf7000 r--p 00004000 08:01 11804379                   /usr/lib/x86_64-linux-gnu/libdrm_nouveau.so.2.0.0
7f204ccf7000-7f204ccf8000 rw-p 00005000 08:01 11804379                   /usr/lib/x86_64-linux-gnu/libdrm_nouveau.so.2.0.0
7f204ccf8000-7f204cee1000 r-xp 00000000 08:01 11798600                   /usr/lib/x86_64-linux-gnu/libgallium.so.0.0.0
7f204cee1000-7f204d0e1000 ---p 001e9000 08:01 11798600                   /usr/lib/x86_64-linux-gnu/libgallium.so.0.0.0
7f204d0e1000-7f204d0f1000 r--p 001e9000 08:01 11798600                   /usr/lib/x86_64-linux-gnu/libgallium.so.0.0.0
7f204d0f1000-7f204d0f3000 rw-p 001f9000 08:01 11798600                   /usr/lib/x86_64-linux-gnu/libgallium.so.0.0.0
7f204d0f3000-7f204d2bb000 rw-p 00000000 00:00 0 
7f204d2bb000-7f204d6b4000 r-xp 00000000 08:01 12190631                   /usr/lib/x86_64-linux-gnu/dri/nouveau_dri.so
7f204d6b4000-7f204d8b4000 ---p 003f9000 08:01 12190631                   /usr/lib/x86_64-linux-gnu/dri/nouveau_dri.so
7f204d8b4000-7f204d8c5000 r--p 003f9000 08:01 12190631                   /usr/lib/x86_64-linux-gnu/dri/nouveau_dri.so
7f204d8c5000-7f204d8cd000 rw-p 0040a000 08:01 12190631                   /usr/lib/x86_64-linux-gnu/dri/nouveau_dri.so
7f204d8cd000-7f204d8e9000 rw-p 00000000 00:00 0 
7f204d8e9000-7f204d8f1000 r-xp 00000000 08:01 9703358                    /lib/x86_64-linux-gnu/libnih-dbus.so.1.0.0
7f204d8f1000-7f204daf1000 ---p 00008000 08:01 9703358                    /lib/x86_64-linux-gnu/libnih-dbus.so.1.0.0
7f204daf1000-7f204daf2000 r--p 00008000 08:01 9703358                    /lib/x86_64-linux-gnu/libnih-dbus.so.1.0.0
7f204daf2000-7f204daf3000 rw-p 00009000 08:01 9703358                    /lib/x86_64-linux-gnu/libnih-dbus.so.1.0.0
7f204daf3000-7f204db0a000 r-xp 00000000 08:01 9703360                    /lib/x86_64-linux-gnu/libnih.so.1.0.0
7f204db0a000-7f204dd09000 ---p 00017000 08:01 9703360                    /lib/x86_64-linux-gnu/libnih.so.1.0.0
7f204dd09000-7f204dd0a000 r--p 00016000 08:01 9703360                    /lib/x86_64-linux-gnu/libnih.so.1.0.0
7f204dd0a000-7f204dd0b000 rw-p 00017000 08:01 9703360                    /lib/x86_64-linux-gnu/libnih.so.1.0.0
7f204dd0b000-7f204dd24000 r-xp 00000000 08:01 9703301                    /lib/x86_64-linux-gnu/libcgmanager.so.0.0.0
7f204dd24000-7f204df23000 ---p 00019000 08:01 9703301                    /lib/x86_64-linux-gnu/libcgmanager.so.0.0.0
7f204df23000-7f204df25000 r--p 00018000 08:01 9703301                    /lib/x86_64-linux-gnu/libcgmanager.so.0.0.0
7f204df25000-7f204df26000 rw-p 0001a000 08:01 9703301                    /lib/x86_64-linux-gnu/libcgmanager.so.0.0.0
7f204df26000-7f204df36000 r-xp 00000000 08:01 9703233                    /lib/x86_64-linux-gnu/libudev.so.1.3.5
7f204df36000-7f204e135000 ---p 00010000 08:01 9703233                    /lib/x86_64-linux-gnu/libudev.so.1.3.5
7f204e135000-7f204e136000 r--p 0000f000 08:01 9703233                    /lib/x86_64-linux-gnu/libudev.so.1.3.5
7f204e136000-7f204e137000 rw-p 00010000 08:01 9703233                    /lib/x86_64-linux-gnu/libudev.so.1.3.5
7f204e137000-7f204e142000 r-xp 00000000 08:01 11804375                   /usr/lib/x86_64-linux-gnu/libdrm.so.2.4.0
7f204e142000-7f204e341000 ---p 0000b000 08:01 11804375                   /usr/lib/x86_64-linux-gnu/libdrm.so.2.4.0
7f204e341000-7f204e342000 r--p 0000a000 08:01 11804375                   /usr/lib/x86_64-linux-gnu/libdrm.so.2.4.0
7f204e342000-7f204e343000 rw-p 0000b000 08:01 11804375                   /usr/lib/x86_64-linux-gnu/libdrm.so.2.4.0
7f204e343000-7f204e344000 r-xp 00000000 08:01 11805213                   /usr/lib/x86_64-linux-gnu/libxshmfence.so.1.0.0
7f204e344000-7f204e543000 ---p 00001000 08:01 11805213                   /usr/lib/x86_64-linux-gnu/libxshmfence.so.1.0.0
7f204e543000-7f204e544000 r--p 00000000 08:01 11805213                   /usr/lib/x86_64-linux-gnu/libxshmfence.so.1.0.0
7f204e544000-7f204e545000 rw-p 00001000 08:01 11805213                   /usr/lib/x86_64-linux-gnu/libxshmfence.so.1.0.0
7f204e545000-7f204e54a000 r-xp 00000000 08:01 11805195                   /usr/lib/x86_64-linux-gnu/libxcb-sync.so.1.0.0
7f204e54a000-7f204e749000 ---p 00005000 08:01 11805195                   /usr/lib/x86_64-linux-gnu/libxcb-sync.so.1.0.0
7f204e749000-7f204e74a000 r--p 00004000 08:01 11805195                   /usr/lib/x86_64-linux-gnu/libxcb-sync.so.1.0.0
7f204e74a000-7f204e74b000 rw-p 00005000 08:01 11805195                   /usr/lib/x86_64-linux-gnu/libxcb-sync.so.1.0.0
7f204e74b000-7f204e74d000 r-xp 00000000 08:01 11805183                   /usr/lib/x86_64-linux-gnu/libxcb-present.so.0.0.0
7f204e74d000-7f204e94c000 ---p 00002000 08:01 11805183                   /usr/lib/x86_64-linux-gnu/libxcb-present.so.0.0.0
7f204e94c000-7f204e94d000 r--p 00001000 08:01 11805183                   /usr/lib/x86_64-linux-gnu/libxcb-present.so.0.0.0
7f204e94d000-7f204e94e000 rw-p 00002000 08:01 11805183                   /usr/lib/x86_64-linux-gnu/libxcb-present.so.0.0.0
7f204e94e000-7f204e950000 r-xp 00000000 08:01 11805173                   /usr/lib/x86_64-linux-gnu/libxcb-dri3.so.0.0.0
7f204e950000-7f204eb4f000 ---p 00002000 08:01 11805173                   /usr/lib/x86_64-linux-gnu/libxcb-dri3.so.0.0.0
7f204eb4f000-7f204eb50000 r--p 00001000 08:01 11805173                   /usr/lib/x86_64-linux-gnu/libxcb-dri3.so.0.0.0
7f204eb50000-7f204eb51000 rw-p 00002000 08:01 11805173                   /usr/lib/x86_64-linux-gnu/libxcb-dri3.so.0.0.0
7f204eb51000-7f204eb54000 r-xp 00000000 08:01 11805171                   /usr/lib/x86_64-linux-gnu/libxcb-dri2.so.0.0.0
7f204eb54000-7f204ed54000 ---p 00003000 08:01 11805171                   /usr/lib/x86_64-linux-gnu/libxcb-dri2.so.0.0.0
7f204ed54000-7f204ed55000 r--p 00003000 08:01 11805171                   /usr/lib/x86_64-linux-gnu/libxcb-dri2.so.0.0.0
7f204ed55000-7f204ed56000 rw-p 00004000 08:01 11805171                   /usr/lib/x86_64-linux-gnu/libxcb-dri2.so.0.0.0
7f204ed56000-7f204ed6b000 r-xp 00000000 08:01 11805175                   /usr/lib/x86_64-linux-gnu/libxcb-glx.so.0.0.0
7f204ed6b000-7f204ef6a000 ---p 00015000 08:01 11805175                   /usr/lib/x86_64-linux-gnu/libxcb-glx.so.0.0.0
7f204ef6a000-7f204ef6c000 r--p 00014000 08:01 11805175                   /usr/lib/x86_64-linux-gnu/libxcb-glx.so.0.0.0
7f204ef6c000-7f204ef6d000 rw-p 00016000 08:01 11805175                   /usr/lib/x86_64-linux-gnu/libxcb-glx.so.0.0.0
7f204ef6d000-7f204ef6e000 r-xp 00000000 08:01 11804127                   /usr/lib/x86_64-linux-gnu/libX11-xcb.so.1.0.0
7f204ef6e000-7f204f16d000 ---p 00001000 08:01 11804127                   /usr/lib/x86_64-linux-gnu/libX11-xcb.so.1.0.0
7f204f16d000-7f204f16e000 r--p 00000000 08:01 11804127                   /usr/lib/x86_64-linux-gnu/libX11-xcb.so.1.0.0
7f204f16e000-7f204f16f000 rw-p 00001000 08:01 11804127                   /usr/lib/x86_64-linux-gnu/libX11-xcb.so.1.0.0
7f204f16f000-7f204f171000 r-xp 00000000 08:01 11804142                   /usr/lib/x86_64-linux-gnu/libXdamage.so.1.1.0
7f204f171000-7f204f370000 ---p 00002000 08:01 11804142                   /usr/lib/x86_64-linux-gnu/libXdamage.so.1.1.0
7f204f370000-7f204f371000 r--p 00001000 08:01 11804142                   /usr/lib/x86_64-linux-gnu/libXdamage.so.1.1.0
7f204f371000-7f204f372000 rw-p 00002000 08:01 11804142                   /usr/lib/x86_64-linux-gnu/libXdamage.so.1.1.0
7f204f372000-7f204f394000 r-xp 00000000 08:01 11798607                   /usr/lib/x86_64-linux-gnu/libglapi.so.0.0.0
7f204f394000-7f204f594000 ---p 00022000 08:01 11798607                   /usr/lib/x86_64-linux-gnu/libglapi.so.0.0.0
7f204f594000-7f204f597000 r--p 00022000 08:01 11798607                   /usr/lib/x86_64-linux-gnu/libglapi.so.0.0.0
7f204f597000-7f204f598000 rw-p 00025000 08:01 11798607                   /usr/lib/x86_64-linux-gnu/libglapi.so.0.0.0
7f204f598000-7f204f599000 rw-p 00000000 00:00 0 
7f204f599000-7f204f5fb000 r-xp 00000000 08:01 12190590                   /usr/lib/x86_64-linux-gnu/mesa/libGL.so.1.2.0
7f204f5fb000-7f204f7fa000 ---p 00062000 08:01 12190590                   /usr/lib/x86_64-linux-gnu/mesa/libGL.so.1.2.0
7f204f7fa000-7f204f7fd000 r--p 00061000 08:01 12190590                   /usr/lib/x86_64-linux-gnu/mesa/libGL.so.1.2.0
7f204f7fd000-7f204f7fe000 rw-p 00064000 08:01 12190590                   /usr/lib/x86_64-linux-gnu/mesa/libGL.so.1.2.0
7f204f7fe000-7f204f7ff000 rw-p 00000000 00:00 0 
7f204f7ff000-7f204f800000 ---p 00000000 00:00 0 
7f204f800000-7f2050000000 rw-p 00000000 00:00 0                          [stack:3529]
7f2050000000-7f2050021000 rw-p 00000000 00:00 0 
7f2050021000-7f2054000000 ---p 00000000 00:00 0 
7f205400a000-7f2054015000 rw-s 10f288000 00:05 8549                      /dev/dri/card0
7f2054015000-7f2054018000 ---p 00000000 00:00 0 
7f2054018000-7f2054116000 rw-p 00000000 00:00 0                          [stack:3531]
7f2054116000-7f2054117000 ---p 00000000 00:00 0 
7f2054117000-7f2054217000 rw-p 00000000 00:00 0                          [stack:3530]
7f2054217000-7f205421e000 r-xp 00000000 08:01 11804852                   /usr/lib/x86_64-linux-gnu/libogg.so.0.8.1
7f205421e000-7f205441e000 ---p 00007000 08:01 11804852                   /usr/lib/x86_64-linux-gnu/libogg.so.0.8.1
7f205441e000-7f205441f000 r--p 00007000 08:01 11804852                   /usr/lib/x86_64-linux-gnu/libogg.so.0.8.1
7f205441f000-7f2054420000 rw-p 00008000 08:01 11804852                   /usr/lib/x86_64-linux-gnu/libogg.so.0.8.1
7f2054420000-7f205444c000 r-xp 00000000 08:01 11805130                   /usr/lib/x86_64-linux-gnu/libvorbis.so.0.4.5
7f205444c000-7f205464b000 ---p 0002c000 08:01 11805130                   /usr/lib/x86_64-linux-gnu/libvorbis.so.0.4.5
7f205464b000-7f205464c000 r--p 0002b000 08:01 11805130                   /usr/lib/x86_64-linux-gnu/libvorbis.so.0.4.5
7f205464c000-7f205464d000 rw-p 0002c000 08:01 11805130                   /usr/lib/x86_64-linux-gnu/libvorbis.so.0.4.5
7f205464d000-7f2054900000 r-xp 00000000 08:01 11805132                   /usr/lib/x86_64-linux-gnu/libvorbisenc.so.2.0.8
7f2054900000-7f2054aff000 ---p 002b3000 08:01 11805132                   /usr/lib/x86_64-linux-gnu/libvorbisenc.so.2.0.8
7f2054aff000-7f2054b1b000 r--p 002b2000 08:01 11805132                   /usr/lib/x86_64-linux-gnu/libvorbisenc.so.2.0.8
7f2054b1b000-7f2054b1c000 rw-p 002ce000 08:01 11805132                   /usr/lib/x86_64-linux-gnu/libvorbisenc.so.2.0.8
7f2054b1c000-7f2054b4c000 r-xp 00000000 08:01 11797943                   /usr/lib/x86_64-linux-gnu/libFLAC.so.8.3.0
7f2054b4c000-7f2054d4b000 ---p 00030000 08:01 11797943                   /usr/lib/x86_64-linux-gnu/libFLAC.so.8.3.0
7f2054d4b000-7f2054d4c000 r--p 0002f000 08:01 11797943                   /usr/lib/x86_64-linux-gnu/libFLAC.so.8.3.0
7f2054d4c000-7f2054d4d000 rw-p 00030000 08:01 11797943                   /usr/lib/x86_64-linux-gnu/libFLAC.so.8.3.0
7f2054d4d000-7f2054d52000 r-xp 00000000 08:01 11804223                   /usr/lib/x86_64-linux-gnu/libasyncns.so.0.3.1
7f2054d52000-7f2054f51000 ---p 00005000 08:01 11804223                   /usr/lib/x86_64-linux-gnu/libasyncns.so.0.3.1
7f2054f51000-7f2054f52000 r--p 00004000 08:01 11804223                   /usr/lib/x86_64-linux-gnu/libasyncns.so.0.3.1
7f2054f52000-7f2054f53000 rw-p 00005000 08:01 11804223                   /usr/lib/x86_64-linux-gnu/libasyncns.so.0.3.1
7f2054f53000-7f2054fb4000 r-xp 00000000 08:01 11805009                   /usr/lib/x86_64-linux-gnu/libsndfile.so.1.0.25
7f2054fb4000-7f20551b4000 ---p 00061000 08:01 11805009                   /usr/lib/x86_64-linux-gnu/libsndfile.so.1.0.25
7f20551b4000-7f20551b6000 r--p 00061000 08:01 11805009                   /usr/lib/x86_64-linux-gnu/libsndfile.so.1.0.25
7f20551b6000-7f20551b7000 rw-p 00063000 08:01 11805009                   /usr/lib/x86_64-linux-gnu/libsndfile.so.1.0.25
7f20551b7000-7f20551bb000 rw-p 00000000 00:00 0 
7f20551bb000-7f20551c3000 r-xp 00000000 08:01 9703456                    /lib/x86_64-linux-gnu/libwrap.so.0.7.6
7f20551c3000-7f20553c2000 ---p 00008000 08:01 9703456                    /lib/x86_64-linux-gnu/libwrap.so.0.7.6
7f20553c2000-7f20553c3000 r--p 00007000 08:01 9703456                    /lib/x86_64-linux-gnu/libwrap.so.0.7.6
7f20553c3000-7f20553c4000 rw-p 00008000 08:01 9703456                    /lib/x86_64-linux-gnu/libwrap.so.0.7.6
7f20553c4000-7f20553c5000 rw-p 00000000 00:00 0 
7f20553c5000-7f205542b000 r-xp 00000000 08:01 12191501                   /usr/lib/x86_64-linux-gnu/pulseaudio/libpulsecommon-4.0.so
7f205542b000-7f205562a000 ---p 00066000 08:01 12191501                   /usr/lib/x86_64-linux-gnu/pulseaudio/libpulsecommon-4.0.so
7f205562a000-7f205562b000 r--p 00065000 08:01 12191501                   /usr/lib/x86_64-linux-gnu/pulseaudio/libpulsecommon-4.0.so
7f205562b000-7f205562c000 rw-p 00066000 08:01 12191501                   /usr/lib/x86_64-linux-gnu/pulseaudio/libpulsecommon-4.0.so
7f205562c000-7f2055636000 r-xp 00000000 08:01 9703336                    /lib/x86_64-linux-gnu/libjson-c.so.2.0.0
7f2055636000-7f2055835000 ---p 0000a000 08:01 9703336                    /lib/x86_64-linux-gnu/libjson-c.so.2.0.0
7f2055835000-7f2055836000 r--p 00009000 08:01 9703336                    /lib/x86_64-linux-gnu/libjson-c.so.2.0.0
7f2055836000-7f2055837000 rw-p 0000a000 08:01 9703336                    /lib/x86_64-linux-gnu/libjson-c.so.2.0.0
7f2055837000-7f205587e000 r-xp 00000000 08:01 11804921                   /usr/lib/x86_64-linux-gnu/libpulse.so.0.16.2
7f205587e000-7f2055a7e000 ---p 00047000 08:01 11804921                   /usr/lib/x86_64-linux-gnu/libpulse.so.0.16.2
7f2055a7e000-7f2055a7f000 r--p 00047000 08:01 11804921                   /usr/lib/x86_64-linux-gnu/libpulse.so.0.16.2
7f2055a7f000-7f2055a80000 rw-p 00048000 08:01 11804921                   /usr/lib/x86_64-linux-gnu/libpulse.so.0.16.2
7f2055a80000-7f2055ad5000 r-xp 00000000 08:01 2230288                    /tmp/libgdxoleh/7b43be9b/libopenal64.so
7f2055ad5000-7f2055cd4000 ---p 00055000 08:01 2230288                    /tmp/libgdxoleh/7b43be9b/libopenal64.so
7f2055cd4000-7f2055cd7000 r--p 00054000 08:01 2230288                    /tmp/libgdxoleh/7b43be9b/libopenal64.so
7f2055cd7000-7f2055cd8000 rw-p 00057000 08:01 2230288                    /tmp/libgdxoleh/7b43be9b/libopenal64.so
7f2055cd8000-7f2055cd9000 rw-p 00000000 00:00 0 
7f2055cd9000-7f2055cdd000 r-xp 00000000 08:01 11804184                   /usr/lib/x86_64-linux-gnu/libXxf86vm.so.1.0.0
7f2055cdd000-7f2055edd000 ---p 00004000 08:01 11804184                   /usr/lib/x86_64-linux-gnu/libXxf86vm.so.1.0.0
7f2055edd000-7f2055ede000 r--p 00004000 08:01 11804184                   /usr/lib/x86_64-linux-gnu/libXxf86vm.so.1.0.0
7f2055ede000-7f2055edf000 rw-p 00005000 08:01 11804184                   /usr/lib/x86_64-linux-gnu/libXxf86vm.so.1.0.0
7f2055edf000-7f2055ee8000 r-xp 00000000 08:01 11804166                   /usr/lib/x86_64-linux-gnu/libXrandr.so.2.2.0
7f2055ee8000-7f20560e7000 ---p 00009000 08:01 11804166                   /usr/lib/x86_64-linux-gnu/libXrandr.so.2.2.0
7f20560e7000-7f20560e8000 r--p 00008000 08:01 11804166                   /usr/lib/x86_64-linux-gnu/libXrandr.so.2.2.0
7f20560e8000-7f20560e9000 rw-p 00009000 08:01 11804166                   /usr/lib/x86_64-linux-gnu/libXrandr.so.2.2.0
7f20560e9000-7f2056155000 r-xp 00000000 08:01 2230287                    /tmp/libgdxoleh/7b43be9b/liblwjgl64.so
7f2056155000-7f2056354000 ---p 0006c000 08:01 2230287                    /tmp/libgdxoleh/7b43be9b/liblwjgl64.so
7f2056354000-7f2056356000 r--p 0006b000 08:01 2230287                    /tmp/libgdxoleh/7b43be9b/liblwjgl64.so
7f2056356000-7f2056357000 rw-p 0006d000 08:01 2230287                    /tmp/libgdxoleh/7b43be9b/liblwjgl64.so
7f2056357000-7f2056358000 r-xp 00000000 08:01 11802822                   /usr/lib/jvm/java-7-openjdk-amd64/jre/lib/amd64/libjawt.so
7f2056358000-7f2056557000 ---p 00001000 08:01 11802822                   /usr/lib/jvm/java-7-openjdk-amd64/jre/lib/amd64/libjawt.so
7f2056557000-7f2056558000 r--p 00000000 08:01 11802822                   /usr/lib/jvm/java-7-openjdk-amd64/jre/lib/amd64/libjawt.so
7f2056558000-7f2056559000 rw-p 00001000 08:01 11802822                   /usr/lib/jvm/java-7-openjdk-amd64/jre/lib/amd64/libjawt.so
7f2056559000-7f205655c000 ---p 00000000 00:00 0 
7f205655c000-7f205665a000 rw-p 00000000 00:00 0                          [stack:3527]
7f205665a000-7f205665f000 r-xp 00000000 08:01 11804148                   /usr/lib/x86_64-linux-gnu/libXfixes.so.3.1.0
7f205665f000-7f205685e000 ---p 00005000 08:01 11804148                   /usr/lib/x86_64-linux-gnu/libXfixes.so.3.1.0
7f205685e000-7f205685f000 r--p 00004000 08:01 11804148                   /usr/lib/x86_64-linux-gnu/libXfixes.so.3.1.0
7f205685f000-7f2056860000 rw-p 00005000 08:01 11804148                   /usr/lib/x86_64-linux-gnu/libXfixes.so.3.1.0
7f2056860000-7f2056869000 r-xp 00000000 08:01 11804140                   /usr/lib/x86_64-linux-gnu/libXcursor.so.1.0.2
7f2056869000-7f2056a68000 ---p 00009000 08:01 11804140                   /usr/lib/x86_64-linux-gnu/libXcursor.so.1.0.2
7f2056a68000-7f2056a69000 r--p 00008000 08:01 11804140                   /usr/lib/x86_64-linux-gnu/libXcursor.so.1.0.2
7f2056a69000-7f2056a6a000 rw-p 00009000 08:01 11804140                   /usr/lib/x86_64-linux-gnu/libXcursor.so.1.0.2
7f2056a6a000-7f2056a6e000 r-xp 00000000 08:01 9703329                    /lib/x86_64-linux-gnu/libgpg-error.so.0.10.0
7f2056a6e000-7f2056c6d000 ---p 00004000 08:01 9703329                    /lib/x86_64-linux-gnu/libgpg-error.so.0.10.0
7f2056c6d000-7f2056c6e000 r--p 00003000 08:01 9703329                    /lib/x86_64-linux-gnu/libgpg-error.so.0.10.0
7f2056c6e000-7f2056c6f000 rw-p 00004000 08:01 9703329                    /lib/x86_64-linux-gnu/libgpg-error.so.0.10.0
7f2056c6f000-7f2056c71000 r-xp 00000000 08:01 9703339                    /lib/x86_64-linux-gnu/libkeyutils.so.1.4
7f2056c71000-7f2056e71000 ---p 00002000 08:01 9703339                    /lib/x86_64-linux-gnu/libkeyutils.so.1.4
7f2056e71000-7f2056e72000 r--p 00002000 08:01 9703339                    /lib/x86_64-linux-gnu/libkeyutils.so.1.4
7f2056e72000-7f2056e73000 rw-p 00003000 08:01 9703339                    /lib/x86_64-linux-gnu/libkeyutils.so.1.4
7f2056e73000-7f2056eb0000 r-xp 00000000 08:01 9703399                    /lib/x86_64-linux-gnu/libpcre.so.3.13.1
7f2056eb0000-7f20570af000 ---p 0003d000 08:01 9703399                    /lib/x86_64-linux-gnu/libpcre.so.3.13.1
7f20570af000-7f20570b0000 r--p 0003c000 08:01 9703399                    /lib/x86_64-linux-gnu/libpcre.so.3.13.1
7f20570b0000-7f20570b1000 rw-p 0003d000 08:01 9703399                    /lib/x86_64-linux-gnu/libpcre.so.3.13.1
7f20570b1000-7f20570d6000 r-xp 00000000 08:01 9703411                    /lib/x86_64-linux-gnu/libpng12.so.0.50.0
7f20570d6000-7f20572d5000 ---p 00025000 08:01 9703411                    /lib/x86_64-linux-gnu/libpng12.so.0.50.0
7f20572d5000-7f20572d6000 r--p 00024000 08:01 9703411                    /lib/x86_64-linux-gnu/libpng12.so.0.50.0
7f20572d6000-7f20572d7000 rw-p 00025000 08:01 9703411                    /lib/x86_64-linux-gnu/libpng12.so.0.50.0
7f20572d7000-7f205731b000 r-xp 00000000 08:01 9703311                    /lib/x86_64-linux-gnu/libdbus-1.so.3.7.6
7f205731b000-7f205751a000 ---p 00044000 08:01 9703311                    /lib/x86_64-linux-gnu/libdbus-1.so.3.7.6
7f205751a000-7f205751b000 r--p 00043000 08:01 9703311                    /lib/x86_64-linux-gnu/libdbus-1.so.3.7.6
7f205751b000-7f205751c000 rw-p 00044000 08:01 9703311                    /lib/x86_64-linux-gnu/libdbus-1.so.3.7.6
7f205751c000-7f2057557000 r-xp 00000000 08:01 11804860                   /usr/lib/x86_64-linux-gnu/libp11-kit.so.0.0.0
7f2057557000-7f2057756000 ---p 0003b000 08:01 11804860                   /usr/lib/x86_64-linux-gnu/libp11-kit.so.0.0.0
7f2057756000-7f205775c000 r--p 0003a000 08:01 11804860                   /usr/lib/x86_64-linux-gnu/libp11-kit.so.0.0.0
7f205775c000-7f205775e000 rw-p 00040000 08:01 11804860                   /usr/lib/x86_64-linux-gnu/libp11-kit.so.0.0.0
7f205775e000-7f2057770000 r-xp 00000000 08:01 11805045                   /usr/lib/x86_64-linux-gnu/libtasn1.so.6.2.0
7f2057770000-7f2057970000 ---p 00012000 08:01 11805045                   /usr/lib/x86_64-linux-gnu/libtasn1.so.6.2.0
7f2057970000-7f2057971000 r--p 00012000 08:01 11805045                   /usr/lib/x86_64-linux-gnu/libtasn1.so.6.2.0
7f2057971000-7f2057972000 rw-p 00013000 08:01 11805045                   /usr/lib/x86_64-linux-gnu/libtasn1.so.6.2.0
7f2057972000-7f20579ee000 r-xp 00000000 08:01 9703297                    /lib/x86_64-linux-gnu/libgcrypt.so.11.8.2
7f20579ee000-7f2057bed000 ---p 0007c000 08:01 9703297                    /lib/x86_64-linux-gnu/libgcrypt.so.11.8.2
7f2057bed000-7f2057bee000 r--p 0007b000 08:01 9703297                    /lib/x86_64-linux-gnu/libgcrypt.so.11.8.2
7f2057bee000-7f2057bf1000 rw-p 0007c000 08:01 9703297                    /lib/x86_64-linux-gnu/libgcrypt.so.11.8.2
7f2057bf1000-7f2057bfb000 r-xp 00000000 08:01 11798545                   /usr/lib/x86_64-linux-gnu/libkrb5support.so.0.1
7f2057bfb000-7f2057dfa000 ---p 0000a000 08:01 11798545                   /usr/lib/x86_64-linux-gnu/libkrb5support.so.0.1
7f2057dfa000-7f2057dfb000 r--p 00009000 08:01 11798545                   /usr/lib/x86_64-linux-gnu/libkrb5support.so.0.1
7f2057dfb000-7f2057dfc000 rw-p 0000a000 08:01 11798545                   /usr/lib/x86_64-linux-gnu/libkrb5support.so.0.1
7f2057dfc000-7f2057dff000 r-xp 00000000 08:01 9703305                    /lib/x86_64-linux-gnu/libcom_err.so.2.1
7f2057dff000-7f2057ffe000 ---p 00003000 08:01 9703305                    /lib/x86_64-linux-gnu/libcom_err.so.2.1
7f2057ffe000-7f2057fff000 r--p 00002000 08:01 9703305                    /lib/x86_64-linux-gnu/libcom_err.so.2.1
7f2057fff000-7f2058000000 rw-p 00003000 08:01 9703305                    /lib/x86_64-linux-gnu/libcom_err.so.2.1
7f2058000000-7f2058021000 rw-p 00000000 00:00 0 
7f2058021000-7f205c000000 ---p 00000000 00:00 0 
7f205c000000-7f205c021000 rw-p 00000000 00:00 0 
7f205c021000-7f2060000000 ---p 00000000 00:00 0 
7f2060000000-7f206029f000 rw-p 00000000 00:00 0 
7f206029f000-7f2064000000 ---p 00000000 00:00 0 
7f2064000000-7f20641e1000 rw-p 00000000 00:00 0 
7f20641e1000-7f2068000000 ---p 00000000 00:00 0 
7f2068000000-7f2068021000 rw-p 00000000 00:00 0 
7f2068021000-7f206c000000 ---p 00000000 00:00 0 
7f206c000000-7f206c021000 rw-p 00000000 00:00 0 
7f206c021000-7f2070000000 ---p 00000000 00:00 0 
7f2070000000-7f2070021000 rw-p 00000000 00:00 0 
7f2070021000-7f2074000000 ---p 00000000 00:00 0 
7f2074000000-7f2074021000 rw-p 00000000 00:00 0 
7f2074021000-7f2078000000 ---p 00000000 00:00 0 
7f2078000000-7f2078021000 rw-p 00000000 00:00 0 
7f2078021000-7f207c000000 ---p 00000000 00:00 0 
7f207c000000-7f207c021000 rw-p 00000000 00:00 0 
7f207c021000-7f2080000000 ---p 00000000 00:00 0 
7f2080000000-7f2080021000 rw-p 00000000 00:00 0 
7f2080021000-7f2084000000 ---p 00000000 00:00 0 
7f2084000000-7f2084016000 rw-s 10f249000 00:05 8549                      /dev/dri/card0
7f2084016000-7f208402c000 rw-s 10f204000 00:05 8549                      /dev/dri/card0
7f208402c000-7f208404c000 rw-s 11687f000 00:05 8549                      /dev/dri/card0
7f208404c000-7f208406c000 rw-s 10c3ae000 00:05 8549                      /dev/dri/card0
7f208406c000-7f208406f000 ---p 00000000 00:00 0 
7f208406f000-7f20840a5000 rw-p 00000000 00:00 0                          [stack:3533]
7f20840a5000-7f20840d1000 r-xp 00000000 08:01 11798539                   /usr/lib/x86_64-linux-gnu/libk5crypto.so.3.1
7f20840d1000-7f20842d0000 ---p 0002c000 08:01 11798539                   /usr/lib/x86_64-linux-gnu/libk5crypto.so.3.1
7f20842d0000-7f20842d2000 r--p 0002b000 08:01 11798539                   /usr/lib/x86_64-linux-gnu/libk5crypto.so.3.1
7f20842d2000-7f20842d3000 rw-p 0002d000 08:01 11798539                   /usr/lib/x86_64-linux-gnu/libk5crypto.so.3.1
7f20842d3000-7f20842d4000 rw-p 00000000 00:00 0 
7f20842d4000-7f2084390000 r-xp 00000000 08:01 11798543                   /usr/lib/x86_64-linux-gnu/libkrb5.so.3.3
7f2084390000-7f2084590000 ---p 000bc000 08:01 11798543                   /usr/lib/x86_64-linux-gnu/libkrb5.so.3.3
7f2084590000-7f208459d000 r--p 000bc000 08:01 11798543                   /usr/lib/x86_64-linux-gnu/libkrb5.so.3.3
7f208459d000-7f208459f000 rw-p 000c9000 08:01 11798543                   /usr/lib/x86_64-linux-gnu/libkrb5.so.3.3
7f208459f000-7f20845a4000 r-xp 00000000 08:01 11804144                   /usr/lib/x86_64-linux-gnu/libXdmcp.so.6.0.0
7f20845a4000-7f20847a3000 ---p 00005000 08:01 11804144                   /usr/lib/x86_64-linux-gnu/libXdmcp.so.6.0.0
7f20847a3000-7f20847a4000 r--p 00004000 08:01 11804144                   /usr/lib/x86_64-linux-gnu/libXdmcp.so.6.0.0
7f20847a4000-7f20847a5000 rw-p 00005000 08:01 11804144                   /usr/lib/x86_64-linux-gnu/libXdmcp.so.6.0.0
7f20847a5000-7f20847a7000 r-xp 00000000 08:01 11804133                   /usr/lib/x86_64-linux-gnu/libXau.so.6.0.0
7f20847a7000-7f20849a7000 ---p 00002000 08:01 11804133                   /usr/lib/x86_64-linux-gnu/libXau.so.6.0.0
7f20849a7000-7f20849a8000 r--p 00002000 08:01 11804133                   /usr/lib/x86_64-linux-gnu/libXau.so.6.0.0
7f20849a8000-7f20849a9000 rw-p 00003000 08:01 11804133                   /usr/lib/x86_64-linux-gnu/libXau.so.6.0.0
7f20849a9000-7f20849b0000 r-xp 00000000 08:01 11804411                   /usr/lib/x86_64-linux-gnu/libffi.so.6.0.1
7f20849b0000-7f2084baf000 ---p 00007000 08:01 11804411                   /usr/lib/x86_64-linux-gnu/libffi.so.6.0.1
7f2084baf000-7f2084bb0000 r--p 00006000 08:01 11804411                   /usr/lib/x86_64-linux-gnu/libffi.so.6.0.1
7f2084bb0000-7f2084bb1000 rw-p 00007000 08:01 11804411                   /usr/lib/x86_64-linux-gnu/libffi.so.6.0.1
7f2084bb1000-7f2084bc8000 r-xp 00000000 08:01 9699347                    /lib/x86_64-linux-gnu/libresolv-2.19.so
7f2084bc8000-7f2084dc8000 ---p 00017000 08:01 9699347                    /lib/x86_64-linux-gnu/libresolv-2.19.so
7f2084dc8000-7f2084dc9000 r--p 00017000 08:01 9699347                    /lib/x86_64-linux-gnu/libresolv-2.19.so
7f2084dc9000-7f2084dca000 rw-p 00018000 08:01 9699347                    /lib/x86_64-linux-gnu/libresolv-2.19.so
7f2084dca000-7f2084dcc000 rw-p 00000000 00:00 0 
7f2084dcc000-7f2084dec000 r-xp 00000000 08:01 9703426                    /lib/x86_64-linux-gnu/libselinux.so.1
7f2084dec000-7f2084feb000 ---p 00020000 08:01 9703426                    /lib/x86_64-linux-gnu/libselinux.so.1
7f2084feb000-7f2084fec000 r--p 0001f000 08:01 9703426                    /lib/x86_64-linux-gnu/libselinux.so.1
7f2084fec000-7f2084fed000 rw-p 00020000 08:01 9703426                    /lib/x86_64-linux-gnu/libselinux.so.1
7f2084fed000-7f2084fef000 rw-p 00000000 00:00 0 
7f2084fef000-7f20850f5000 r-xp 00000000 08:01 9703241                    /lib/x86_64-linux-gnu/libglib-2.0.so.0.4002.0
7f20850f5000-7f20852f4000 ---p 00106000 08:01 9703241                    /lib/x86_64-linux-gnu/libglib-2.0.so.0.4002.0
7f20852f4000-7f20852f5000 r--p 00105000 08:01 9703241                    /lib/x86_64-linux-gnu/libglib-2.0.so.0.4002.0
7f20852f5000-7f20852f6000 rw-p 00106000 08:01 9703241                    /lib/x86_64-linux-gnu/libglib-2.0.so.0.4002.0
7f20852f6000-7f20852f7000 rw-p 00000000 00:00 0 
7f20852f7000-7f20852fa000 r-xp 00000000 08:01 11796844                   /usr/lib/x86_64-linux-gnu/libgmodule-2.0.so.0.4002.0
7f20852fa000-7f20854f9000 ---p 00003000 08:01 11796844                   /usr/lib/x86_64-linux-gnu/libgmodule-2.0.so.0.4002.0
7f20854f9000-7f20854fa000 r--p 00002000 08:01 11796844                   /usr/lib/x86_64-linux-gnu/libgmodule-2.0.so.0.4002.0
7f20854fa000-7f20854fb000 rw-p 00003000 08:01 11796844                   /usr/lib/x86_64-linux-gnu/libgmodule-2.0.so.0.4002.0
7f20854fb000-7f2085522000 r-xp 00000000 08:01 9703318                    /lib/x86_64-linux-gnu/libexpat.so.1.6.0
7f2085522000-7f2085722000 ---p 00027000 08:01 9703318                    /lib/x86_64-linux-gnu/libexpat.so.1.6.0
7f2085722000-7f2085724000 r--p 00027000 08:01 9703318                    /lib/x86_64-linux-gnu/libexpat.so.1.6.0
7f2085724000-7f2085725000 rw-p 00029000 08:01 9703318                    /lib/x86_64-linux-gnu/libexpat.so.1.6.0
7f2085725000-7f20857c2000 r-xp 00000000 08:01 11804453                   /usr/lib/x86_64-linux-gnu/libfreetype.so.6.11.1
7f20857c2000-7f20859c1000 ---p 0009d000 08:01 11804453                   /usr/lib/x86_64-linux-gnu/libfreetype.so.6.11.1
7f20859c1000-7f20859c7000 r--p 0009c000 08:01 11804453                   /usr/lib/x86_64-linux-gnu/libfreetype.so.6.11.1
7f20859c7000-7f20859c8000 rw-p 000a2000 08:01 11804453                   /usr/lib/x86_64-linux-gnu/libfreetype.so.6.11.1
7f20859c8000-7f20859d7000 r-xp 00000000 08:01 11804237                   /usr/lib/x86_64-linux-gnu/libavahi-client.so.3.2.9
7f20859d7000-7f2085bd7000 ---p 0000f000 08:01 11804237                   /usr/lib/x86_64-linux-gnu/libavahi-client.so.3.2.9
7f2085bd7000-7f2085bd8000 r--p 0000f000 08:01 11804237                   /usr/lib/x86_64-linux-gnu/libavahi-client.so.3.2.9
7f2085bd8000-7f2085bd9000 rw-p 00010000 08:01 11804237                   /usr/lib/x86_64-linux-gnu/libavahi-client.so.3.2.9
7f2085bd9000-7f2085be4000 r-xp 00000000 08:01 11804239                   /usr/lib/x86_64-linux-gnu/libavahi-common.so.3.5.3
7f2085be4000-7f2085de3000 ---p 0000b000 08:01 11804239                   /usr/lib/x86_64-linux-gnu/libavahi-common.so.3.5.3
7f2085de3000-7f2085de4000 r--p 0000a000 08:01 11804239                   /usr/lib/x86_64-linux-gnu/libavahi-common.so.3.5.3
7f2085de4000-7f2085de5000 rw-p 0000b000 08:01 11804239                   /usr/lib/x86_64-linux-gnu/libavahi-common.so.3.5.3
7f2085de5000-7f2085e9b000 r-xp 00000000 08:01 11804540                   /usr/lib/x86_64-linux-gnu/libgnutls.so.26.22.6
7f2085e9b000-7f208609b000 ---p 000b6000 08:01 11804540                   /usr/lib/x86_64-linux-gnu/libgnutls.so.26.22.6
7f208609b000-7f20860a1000 r--p 000b6000 08:01 11804540                   /usr/lib/x86_64-linux-gnu/libgnutls.so.26.22.6
7f20860a1000-7f20860a2000 rw-p 000bc000 08:01 11804540                   /usr/lib/x86_64-linux-gnu/libgnutls.so.26.22.6
7f20860a2000-7f20860a3000 rw-p 00000000 00:00 0 
7f20860a3000-7f20860e6000 r-xp 00000000 08:01 11798541                   /usr/lib/x86_64-linux-gnu/libgssapi_krb5.so.2.2
7f20860e6000-7f20862e6000 ---p 00043000 08:01 11798541                   /usr/lib/x86_64-linux-gnu/libgssapi_krb5.so.2.2
7f20862e6000-7f20862e7000 r--p 00043000 08:01 11798541                   /usr/lib/x86_64-linux-gnu/libgssapi_krb5.so.2.2
7f20862e7000-7f20862e9000 rw-p 00044000 08:01 11798541                   /usr/lib/x86_64-linux-gnu/libgssapi_krb5.so.2.2
7f20862e9000-7f2086306000 r-xp 00000000 08:01 11805203                   /usr/lib/x86_64-linux-gnu/libxcb.so.1.1.0
7f2086306000-7f2086506000 ---p 0001d000 08:01 11805203                   /usr/lib/x86_64-linux-gnu/libxcb.so.1.1.0
7f2086506000-7f2086507000 r--p 0001d000 08:01 11805203                   /usr/lib/x86_64-linux-gnu/libxcb.so.1.1.0
7f2086507000-7f2086508000 rw-p 0001e000 08:01 11805203                   /usr/lib/x86_64-linux-gnu/libxcb.so.1.1.0
7f2086508000-7f2086557000 r-xp 00000000 08:01 11796862                   /usr/lib/x86_64-linux-gnu/libgobject-2.0.so.0.4002.0
7f2086557000-7f2086757000 ---p 0004f000 08:01 11796862                   /usr/lib/x86_64-linux-gnu/libgobject-2.0.so.0.4002.0
7f2086757000-7f2086758000 r--p 0004f000 08:01 11796862                   /usr/lib/x86_64-linux-gnu/libgobject-2.0.so.0.4002.0
7f2086758000-7f2086759000 rw-p 00050000 08:01 11796862                   /usr/lib/x86_64-linux-gnu/libgobject-2.0.so.0.4002.0
7f2086759000-7f20868c5000 r-xp 00000000 08:01 11796866                   /usr/lib/x86_64-linux-gnu/libgio-2.0.so.0.4002.0
7f20868c5000-7f2086ac4000 ---p 0016c000 08:01 11796866                   /usr/lib/x86_64-linux-gnu/libgio-2.0.so.0.4002.0
7f2086ac4000-7f2086ac8000 r--p 0016b000 08:01 11796866                   /usr/lib/x86_64-linux-gnu/libgio-2.0.so.0.4002.0
7f2086ac8000-7f2086aca000 rw-p 0016f000 08:01 11796866                   /usr/lib/x86_64-linux-gnu/libgio-2.0.so.0.4002.0
7f2086aca000-7f2086acc000 rw-p 00000000 00:00 0 
7f2086acc000-7f2086b06000 r-xp 00000000 08:01 11804425                   /usr/lib/x86_64-linux-gnu/libfontconfig.so.1.8.0
7f2086b06000-7f2086d05000 ---p 0003a000 08:01 11804425                   /usr/lib/x86_64-linux-gnu/libfontconfig.so.1.8.0
7f2086d05000-7f2086d07000 r--p 00039000 08:01 11804425                   /usr/lib/x86_64-linux-gnu/libfontconfig.so.1.8.0
7f2086d07000-7f2086d08000 rw-p 0003b000 08:01 11804425                   /usr/lib/x86_64-linux-gnu/libfontconfig.so.1.8.0
7f2086d08000-7f2086d74000 r-xp 00000000 08:01 11797145                   /usr/lib/x86_64-linux-gnu/libcups.so.2
7f2086d74000-7f2086f74000 ---p 0006c000 08:01 11797145                   /usr/lib/x86_64-linux-gnu/libcups.so.2
7f2086f74000-7f2086f7b000 r--p 0006c000 08:01 11797145                   /usr/lib/x86_64-linux-gnu/libcups.so.2
7f2086f7b000-7f2086f7c000 rw-p 00073000 08:01 11797145                   /usr/lib/x86_64-linux-gnu/libcups.so.2
7f2086f7c000-7f2086f8b000 r-xp 00000000 08:01 11804154                   /usr/lib/x86_64-linux-gnu/libXi.so.6.1.0
7f2086f8b000-7f208718a000 ---p 0000f000 08:01 11804154                   /usr/lib/x86_64-linux-gnu/libXi.so.6.1.0
7f208718a000-7f208718b000 r--p 0000e000 08:01 11804154                   /usr/lib/x86_64-linux-gnu/libXi.so.6.1.0
7f208718b000-7f208718c000 rw-p 0000f000 08:01 11804154                   /usr/lib/x86_64-linux-gnu/libXi.so.6.1.0
7f208718c000-7f2087191000 r-xp 00000000 08:01 11804174                   /usr/lib/x86_64-linux-gnu/libXtst.so.6.1.0
7f2087191000-7f2087390000 ---p 00005000 08:01 11804174                   /usr/lib/x86_64-linux-gnu/libXtst.so.6.1.0
7f2087390000-7f2087391000 r--p 00004000 08:01 11804174                   /usr/lib/x86_64-linux-gnu/libXtst.so.6.1.0
7f2087391000-7f2087392000 rw-p 00005000 08:01 11804174                   /usr/lib/x86_64-linux-gnu/libXtst.so.6.1.0
7f2087392000-7f208739b000 r-xp 00000000 08:01 11804168                   /usr/lib/x86_64-linux-gnu/libXrender.so.1.3.0
7f208739b000-7f208759a000 ---p 00009000 08:01 11804168                   /usr/lib/x86_64-linux-gnu/libXrender.so.1.3.0
7f208759a000-7f208759b000 r--p 00008000 08:01 11804168                   /usr/lib/x86_64-linux-gnu/libXrender.so.1.3.0
7f208759b000-7f208759c000 rw-p 00009000 08:01 11804168                   /usr/lib/x86_64-linux-gnu/libXrender.so.1.3.0
7f208759c000-7f20876cc000 r-xp 00000000 08:01 11804129                   /usr/lib/x86_64-linux-gnu/libX11.so.6.3.0
7f20876cc000-7f20878cc000 ---p 00130000 08:01 11804129                   /usr/lib/x86_64-linux-gnu/libX11.so.6.3.0
7f20878cc000-7f20878cd000 r--p 00130000 08:01 11804129                   /usr/lib/x86_64-linux-gnu/libX11.so.6.3.0
7f20878cd000-7f20878d1000 rw-p 00131000 08:01 11804129                   /usr/lib/x86_64-linux-gnu/libX11.so.6.3.0
7f20878d1000-7f20878e2000 r-xp 00000000 08:01 11804146                   /usr/lib/x86_64-linux-gnu/libXext.so.6.4.0
7f20878e2000-7f2087ae1000 ---p 00011000 08:01 11804146                   /usr/lib/x86_64-linux-gnu/libXext.so.6.4.0
7f2087ae1000-7f2087ae2000 r--p 00010000 08:01 11804146                   /usr/lib/x86_64-linux-gnu/libXext.so.6.4.0
7f2087ae2000-7f2087ae3000 rw-p 00011000 08:01 11804146                   /usr/lib/x86_64-linux-gnu/libXext.so.6.4.0
7f2087ae3000-7f2087b2b000 r-xp 00000000 08:01 11802963                   /usr/lib/jvm/java-7-openjdk-amd64/jre/lib/amd64/xawt/libmawt.so
7f2087b2b000-7f2087d2a000 ---p 00048000 08:01 11802963                   /usr/lib/jvm/java-7-openjdk-amd64/jre/lib/amd64/xawt/libmawt.so
7f2087d2a000-7f2087d2b000 r--p 00047000 08:01 11802963                   /usr/lib/jvm/java-7-openjdk-amd64/jre/lib/amd64/xawt/libmawt.so
7f2087d2b000-7f2087d2e000 rw-p 00048000 08:01 11802963                   /usr/lib/jvm/java-7-openjdk-amd64/jre/lib/amd64/xawt/libmawt.so
7f2087d2e000-7f2087d2f000 rw-p 00000000 00:00 0 
7f2087d2f000-7f2087dcf000 r-xp 00000000 08:01 11802821                   /usr/lib/jvm/java-7-openjdk-amd64/jre/lib/amd64/libawt.so
7f2087dcf000-7f2087fcf000 ---p 000a0000 08:01 11802821                   /usr/lib/jvm/java-7-openjdk-amd64/jre/lib/amd64/libawt.so
7f2087fcf000-7f2087fd0000 r--p 000a0000 08:01 11802821                   /usr/lib/jvm/java-7-openjdk-amd64/jre/lib/amd64/libawt.so
7f2087fd0000-7f2087fdb000 rw-p 000a1000 08:01 11802821                   /usr/lib/jvm/java-7-openjdk-amd64/jre/lib/amd64/libawt.so
7f2087fdb000-7f2088000000 rw-p 00000000 00:00 0 
7f2088000000-7f2088021000 rw-p 00000000 00:00 0 
7f2088021000-7f208c000000 ---p 00000000 00:00 0 
7f208c003000-7f208c004000 rw-p 00000000 00:00 0 
7f208c004000-7f208c005000 rw-s 10f26f000 00:05 8549                      /dev/dri/card0
7f208c005000-7f208c008000 rw-s 10f26b000 00:05 8549                      /dev/dri/card0
7f208c008000-7f208c009000 rw-s 10f260000 00:05 8549                      /dev/dri/card0
7f208c009000-7f208c00a000 rw-s 10f21b000 00:05 8549                      /dev/dri/card0
7f208c00a000-7f208c00b000 rwxp 00000000 00:00 0 
7f208c00b000-7f208c00c000 rw-s 10bf99000 00:05 8549                      /dev/dri/card0
7f208c00c000-7f208c013000 r--s 00000000 08:01 12194943                   /usr/lib/x86_64-linux-gnu/gconv/gconv-modules.cache
7f208c013000-7f208c016000 ---p 00000000 00:00 0 
7f208c016000-7f208c114000 rw-p 00000000 00:00 0                          [stack:3526]
7f208c114000-7f208c11d000 r--s 000b9000 08:01 11802771                   /usr/lib/jvm/java-7-openjdk-amd64/jre/lib/resources.jar
7f208c11d000-7f208c122000 r--s 0004c000 08:01 11802836                   /usr/lib/jvm/java-7-openjdk-amd64/jre/lib/jsse.jar
7f208c122000-7f208c15f000 r-xp 00000000 08:01 2230285                    /tmp/libgdxoleh/5502b6ed/libgdx64.so
7f208c15f000-7f208c35e000 ---p 0003d000 08:01 2230285                    /tmp/libgdxoleh/5502b6ed/libgdx64.so
7f208c35e000-7f208c35f000 r--p 0003c000 08:01 2230285                    /tmp/libgdxoleh/5502b6ed/libgdx64.so
7f208c35f000-7f208c360000 rw-p 0003d000 08:01 2230285                    /tmp/libgdxoleh/5502b6ed/libgdx64.so
7f208c360000-7f208c364000 r--s 00027000 08:01 4987                       /home/oleh/.gradle/caches/modules-2/files-2.1/org.lwjgl.lwjgl/lwjgl_util/2.9.1/290d7ba8a1bd9566f5ddf16ad06f09af5ec9b20e/lwjgl_util-2.9.1.jar
7f208c364000-7f208c372000 r--s 000ea000 08:01 4982                       /home/oleh/.gradle/caches/modules-2/files-2.1/org.lwjgl.lwjgl/lwjgl/2.9.1/f58c5aabcef0e41718a564be9f8e412fff8db847/lwjgl-2.9.1.jar
7f208c372000-7f208c373000 r--s 0008b000 08:01 4992                       /home/oleh/.gradle/caches/modules-2/files-2.1/org.lwjgl.lwjgl/lwjgl-platform/2.9.1/aa9aae879af8eb378e22cfc64db56ec2ca9a44d1/lwjgl-platform-2.9.1-natives-linux.jar
7f208c373000-7f208c374000 r--s 00095000 08:01 4991                       /home/oleh/.gradle/caches/modules-2/files-2.1/org.lwjgl.lwjgl/lwjgl-platform/2.9.1/4c517eca808522457dd95ee8fc1fbcdbb602efbe/lwjgl-platform-2.9.1-natives-windows.jar
7f208c374000-7f208c375000 r--s 00080000 08:01 4993                       /home/oleh/.gradle/caches/modules-2/files-2.1/org.lwjgl.lwjgl/lwjgl-platform/2.9.1/2d12c83fdfbc04ecabf02c7bc8cc54d034f0daac/lwjgl-platform-2.9.1-natives-osx.jar
7f208c375000-7f208c377000 r--s 00017000 08:01 4989                       /home/oleh/.gradle/caches/modules-2/files-2.1/org.jcraft/jorbis/0.0.17/8872d22b293e8f5d7d56ff92be966e6dc28ebdc6/jorbis-0.0.17.jar
7f208c377000-7f208c378000 r--s 00001000 08:01 4996                       /home/oleh/.gradle/caches/modules-2/files-2.1/net.java.jutils/jutils/1.0.0/e12fe1fda814bd348c1579329c86943d2cd3c6a6/jutils-1.0.0.jar
7f208c378000-7f208c37c000 r--s 0002f000 08:01 4995                       /home/oleh/.gradle/caches/modules-2/files-2.1/net.java.jinput/jinput/2.0.5/39c7796b469a600f72380316f6b1f11db6c2c7c4/jinput-2.0.5.jar
7f208c37c000-7f208c37d000 r--s 00002000 08:01 4997                       /home/oleh/.gradle/caches/modules-2/files-2.1/net.java.jinput/jinput-platform/2.0.5/7ff832a6eb9ab6a767f1ade2b548092d0fa64795/jinput-platform-2.0.5-natives-linux.jar
7f208c37d000-7f208c37e000 r--s 00002000 08:01 5011                       /home/oleh/.gradle/caches/modules-2/files-2.1/net.java.jinput/jinput-platform/2.0.5/53f9c919f34d2ca9de8c51fc4e1e8282029a9232/jinput-platform-2.0.5-natives-osx.jar
7f208c37e000-7f208c37f000 r--s 00025000 08:01 5010                       /home/oleh/.gradle/caches/modules-2/files-2.1/net.java.jinput/jinput-platform/2.0.5/385ee093e01f587f30ee1c8a2ee7d408fd732e16/jinput-platform-2.0.5-natives-windows.jar
7f208c37f000-7f208c380000 r--s 00015000 08:01 4988                       /home/oleh/.gradle/caches/modules-2/files-2.1/com.badlogicgames.jlayer/jlayer/1.0.1-gdx/7cca83cec5c1b2f011362f4d85aabd71a73b049d/jlayer-1.0.1-gdx.jar
7f208c380000-7f208c387000 r--s 0005e000 08:01 1574604                    /home/oleh/project/jars/commons-lang3-3.3.2.jar
7f208c387000-7f208c3a0000 r--s 00185000 08:01 4822                       /home/oleh/.gradle/caches/modules-2/files-2.1/com.badlogicgames.gdx/gdx/1.4.1/df470d263438048af74860ca51fc497c16a0c76a/gdx-1.4.1.jar
7f208c3a0000-7f208c3a1000 ---p 00000000 00:00 0 
7f208c3a1000-7f208c4a1000 rw-p 00000000 00:00 0                          [stack:3525]
7f208c4a1000-7f208c4a4000 ---p 00000000 00:00 0 
7f208c4a4000-7f208c5a2000 rw-p 00000000 00:00 0                          [stack:3524]
7f208c5a2000-7f208c5a5000 ---p 00000000 00:00 0 
7f208c5a5000-7f208c6a3000 rw-p 00000000 00:00 0                          [stack:3523]
7f208c6a3000-7f208c6a6000 ---p 00000000 00:00 0 
7f208c6a6000-7f208c7a4000 rw-p 00000000 00:00 0                          [stack:3522]
7f208c7a4000-7f208c7a7000 ---p 00000000 00:00 0 
7f208c7a7000-7f208c8a5000 rw-p 00000000 00:00 0                          [stack:3521]
7f208c8a5000-7f208d0f1000 r--p 00000000 08:01 11803176                   /usr/lib/locale/locale-archive
7f208d0f1000-7f208d0f4000 ---p 00000000 00:00 0 
7f208d0f4000-7f208d1f2000 rw-p 00000000 00:00 0                          [stack:3520]
7f208d1f2000-7f208d1f5000 ---p 00000000 00:00 0 
7f208d1f5000-7f208d2f3000 rw-p 00000000 00:00 0                          [stack:3519]
7f208d2f3000-7f208d2f4000 ---p 00000000 00:00 0 
7f208d2f4000-7f208e3f1000 rw-p 00000000 00:00 0                          [stack:3518]
7f208e3f1000-7f208e5a2000 r--s 01d25000 08:01 11802859                   /usr/lib/jvm/java-7-openjdk-amd64/jre/lib/rt.jar
7f208e5a2000-7f2090cfd000 rw-p 00000000 00:00 0 
7f2090cfd000-7f2090cfe000 ---p 00000000 00:00 0 
7f2090cfe000-7f2090dfe000 rw-p 00000000 00:00 0                          [stack:3517]
7f2090dfe000-7f2090dff000 ---p 00000000 00:00 0 
7f2090dff000-7f2090eff000 rw-p 00000000 00:00 0                          [stack:3516]
7f2090eff000-7f2090f00000 ---p 00000000 00:00 0 
7f2090f00000-7f2091000000 rw-p 00000000 00:00 0                          [stack:3515]
7f2091000000-7f2091270000 rwxp 00000000 00:00 0 
7f2091270000-7f20943ae000 rw-p 00000000 00:00 0 
7f20943ae000-7f2098000000 ---p 00000000 00:00 0 
7f2098000000-7f2098002000 r--s 000d4000 08:01 4980                       /home/oleh/.gradle/caches/modules-2/files-2.1/com.badlogicgames.gdx/gdx-platform/1.4.1/64fd6c8128aed2664de93681f5a1c7fa7c023b02/gdx-platform-1.4.1-natives-desktop.jar
7f2098002000-7f2098005000 r--s 0001f000 08:01 4978                       /home/oleh/.gradle/caches/modules-2/files-2.1/com.badlogicgames.gdx/gdx-backend-lwjgl/1.4.1/f31a8b9a0b7955fadf25ff3b77f1824b3927d4ed/gdx-backend-lwjgl-1.4.1.jar
7f2098005000-7f2098007000 r--s 00004000 08:01 2230338                    /home/oleh/project/sea-workspace/ship-fight/target/ship-fight-0.0.1-SNAPSHOT.jar
7f2098007000-7f2098009000 r--s 00005000 08:01 1705331                    /home/oleh/project/workspace/bricks-enterprise/target/bricks-enterprise-0.0.1-SNAPSHOT.jar
7f2098009000-7f209800d000 r--s 00016000 08:01 1704686                    /home/oleh/project/workspace/bricks/bricks-engine/target/bricks-engine-0.0.1-SNAPSHOT.jar
7f209800d000-7f209800f000 r--s 00010000 08:01 4823                       /home/oleh/.gradle/caches/modules-2/files-2.1/com.badlogicgames.gdx/gdx-box2d/1.4.1/9e6453d244896698694a7f3059f15ae509044101/gdx-box2d-1.4.1.jar
7f209800f000-7f2098010000 ---p 00000000 00:00 0 
7f2098010000-7f209811b000 rw-p 00000000 00:00 0                          [stack:3514]
7f209811b000-7f2098163000 rw-p 00000000 00:00 0 
7f2098163000-7f2098178000 rw-p 00000000 00:00 0 
7f2098178000-7f20982ad000 rw-p 00000000 00:00 0 
7f20982ad000-7f20982b8000 rw-p 00000000 00:00 0 
7f20982b8000-7f2098300000 rw-p 00000000 00:00 0 
7f2098300000-7f2098315000 rw-p 00000000 00:00 0 
7f2098315000-7f209844a000 rw-p 00000000 00:00 0 
7f209844a000-7f209848e000 rw-p 00000000 00:00 0 
7f209848e000-7f20984ef000 rw-p 00000000 00:00 0 
7f20984ef000-7f20984f0000 rw-p 00000000 00:00 0 
7f20984f0000-7f20984f8000 r-xp 00000000 08:01 11802784                   /usr/lib/jvm/java-7-openjdk-amd64/jre/lib/amd64/libzip.so
7f20984f8000-7f20986f7000 ---p 00008000 08:01 11802784                   /usr/lib/jvm/java-7-openjdk-amd64/jre/lib/amd64/libzip.so
7f20986f7000-7f20986f8000 r--p 00007000 08:01 11802784                   /usr/lib/jvm/java-7-openjdk-amd64/jre/lib/amd64/libzip.so
7f20986f8000-7f20986f9000 rw-p 00008000 08:01 11802784                   /usr/lib/jvm/java-7-openjdk-amd64/jre/lib/amd64/libzip.so
7f20986f9000-7f2098704000 r-xp 00000000 08:01 9699427                    /lib/x86_64-linux-gnu/libnss_files-2.19.so
7f2098704000-7f2098903000 ---p 0000b000 08:01 9699427                    /lib/x86_64-linux-gnu/libnss_files-2.19.so
7f2098903000-7f2098904000 r--p 0000a000 08:01 9699427                    /lib/x86_64-linux-gnu/libnss_files-2.19.so
7f2098904000-7f2098905000 rw-p 0000b000 08:01 9699427                    /lib/x86_64-linux-gnu/libnss_files-2.19.so
7f2098905000-7f2098910000 r-xp 00000000 08:01 9699428                    /lib/x86_64-linux-gnu/libnss_nis-2.19.so
7f2098910000-7f2098b0f000 ---p 0000b000 08:01 9699428                    /lib/x86_64-linux-gnu/libnss_nis-2.19.so
7f2098b0f000-7f2098b10000 r--p 0000a000 08:01 9699428                    /lib/x86_64-linux-gnu/libnss_nis-2.19.so
7f2098b10000-7f2098b11000 rw-p 0000b000 08:01 9699428                    /lib/x86_64-linux-gnu/libnss_nis-2.19.so
7f2098b11000-7f2098b28000 r-xp 00000000 08:01 9699354                    /lib/x86_64-linux-gnu/libnsl-2.19.so
7f2098b28000-7f2098d27000 ---p 00017000 08:01 9699354                    /lib/x86_64-linux-gnu/libnsl-2.19.so
7f2098d27000-7f2098d28000 r--p 00016000 08:01 9699354                    /lib/x86_64-linux-gnu/libnsl-2.19.so
7f2098d28000-7f2098d29000 rw-p 00017000 08:01 9699354                    /lib/x86_64-linux-gnu/libnsl-2.19.so
7f2098d29000-7f2098d2b000 rw-p 00000000 00:00 0 
7f2098d2b000-7f2098d34000 r-xp 00000000 08:01 9699333                    /lib/x86_64-linux-gnu/libnss_compat-2.19.so
7f2098d34000-7f2098f33000 ---p 00009000 08:01 9699333                    /lib/x86_64-linux-gnu/libnss_compat-2.19.so
7f2098f33000-7f2098f34000 r--p 00008000 08:01 9699333                    /lib/x86_64-linux-gnu/libnss_compat-2.19.so
7f2098f34000-7f2098f35000 rw-p 00009000 08:01 9699333                    /lib/x86_64-linux-gnu/libnss_compat-2.19.so
7f2098f35000-7f2098f60000 r-xp 00000000 08:01 11802791                   /usr/lib/jvm/java-7-openjdk-amd64/jre/lib/amd64/libjava.so
7f2098f60000-7f209915f000 ---p 0002b000 08:01 11802791                   /usr/lib/jvm/java-7-openjdk-amd64/jre/lib/amd64/libjava.so
7f209915f000-7f2099160000 r--p 0002a000 08:01 11802791                   /usr/lib/jvm/java-7-openjdk-amd64/jre/lib/amd64/libjava.so
7f2099160000-7f2099162000 rw-p 0002b000 08:01 11802791                   /usr/lib/jvm/java-7-openjdk-amd64/jre/lib/amd64/libjava.so
7f2099162000-7f2099172000 r-xp 00000000 08:01 11802810                   /usr/lib/jvm/java-7-openjdk-amd64/jre/lib/amd64/libverify.so
7f2099172000-7f2099371000 ---p 00010000 08:01 11802810                   /usr/lib/jvm/java-7-openjdk-amd64/jre/lib/amd64/libverify.so
7f2099371000-7f2099373000 r--p 0000f000 08:01 11802810                   /usr/lib/jvm/java-7-openjdk-amd64/jre/lib/amd64/libverify.so
7f2099373000-7f2099374000 rw-p 00011000 08:01 11802810                   /usr/lib/jvm/java-7-openjdk-amd64/jre/lib/amd64/libverify.so
7f2099374000-7f209937b000 r-xp 00000000 08:01 9699358                    /lib/x86_64-linux-gnu/librt-2.19.so
7f209937b000-7f209957a000 ---p 00007000 08:01 9699358                    /lib/x86_64-linux-gnu/librt-2.19.so
7f209957a000-7f209957b000 r--p 00006000 08:01 9699358                    /lib/x86_64-linux-gnu/librt-2.19.so
7f209957b000-7f209957c000 rw-p 00007000 08:01 9699358                    /lib/x86_64-linux-gnu/librt-2.19.so
7f209957c000-7f2099592000 r-xp 00000000 08:01 9703273                    /lib/x86_64-linux-gnu/libgcc_s.so.1
7f2099592000-7f2099791000 ---p 00016000 08:01 9703273                    /lib/x86_64-linux-gnu/libgcc_s.so.1
7f2099791000-7f2099792000 rw-p 00015000 08:01 9703273                    /lib/x86_64-linux-gnu/libgcc_s.so.1
7f2099792000-7f2099897000 r-xp 00000000 08:01 9699423                    /lib/x86_64-linux-gnu/libm-2.19.so
7f2099897000-7f2099a96000 ---p 00105000 08:01 9699423                    /lib/x86_64-linux-gnu/libm-2.19.so
7f2099a96000-7f2099a97000 r--p 00104000 08:01 9699423                    /lib/x86_64-linux-gnu/libm-2.19.so
7f2099a97000-7f2099a98000 rw-p 00105000 08:01 9699423                    /lib/x86_64-linux-gnu/libm-2.19.so
7f2099a98000-7f2099b7e000 r-xp 00000000 08:01 11805039                   /usr/lib/x86_64-linux-gnu/libstdc++.so.6.0.19
7f2099b7e000-7f2099d7d000 ---p 000e6000 08:01 11805039                   /usr/lib/x86_64-linux-gnu/libstdc++.so.6.0.19
7f2099d7d000-7f2099d85000 r--p 000e5000 08:01 11805039                   /usr/lib/x86_64-linux-gnu/libstdc++.so.6.0.19
7f2099d85000-7f2099d87000 rw-p 000ed000 08:01 11805039                   /usr/lib/x86_64-linux-gnu/libstdc++.so.6.0.19
7f2099d87000-7f2099d9c000 rw-p 00000000 00:00 0 
7f2099d9c000-7f209a8b2000 r-xp 00000000 08:01 11802817                   /usr/lib/jvm/java-7-openjdk-amd64/jre/lib/amd64/server/libjvm.so
7f209a8b2000-7f209aab1000 ---p 00b16000 08:01 11802817                   /usr/lib/jvm/java-7-openjdk-amd64/jre/lib/amd64/server/libjvm.so
7f209aab1000-7f209ab4b000 r--p 00b15000 08:01 11802817                   /usr/lib/jvm/java-7-openjdk-amd64/jre/lib/amd64/server/libjvm.so
7f209ab4b000-7f209ab6e000 rw-p 00baf000 08:01 11802817                   /usr/lib/jvm/java-7-openjdk-amd64/jre/lib/amd64/server/libjvm.so
7f209ab6e000-7f209ab9c000 rw-p 00000000 00:00 0 
7f209ab9c000-7f209abb4000 r-xp 00000000 08:01 9703459                    /lib/x86_64-linux-gnu/libz.so.1.2.8
7f209abb4000-7f209adb3000 ---p 00018000 08:01 9703459                    /lib/x86_64-linux-gnu/libz.so.1.2.8
7f209adb3000-7f209adb4000 r--p 00017000 08:01 9703459                    /lib/x86_64-linux-gnu/libz.so.1.2.8
7f209adb4000-7f209adb5000 rw-p 00018000 08:01 9703459                    /lib/x86_64-linux-gnu/libz.so.1.2.8
7f209adb5000-7f209adce000 r-xp 00000000 08:01 9703226                    /lib/x86_64-linux-gnu/libpthread-2.19.so
7f209adce000-7f209afcd000 ---p 00019000 08:01 9703226                    /lib/x86_64-linux-gnu/libpthread-2.19.so
7f209afcd000-7f209afce000 r--p 00018000 08:01 9703226                    /lib/x86_64-linux-gnu/libpthread-2.19.so
7f209afce000-7f209afcf000 rw-p 00019000 08:01 9703226                    /lib/x86_64-linux-gnu/libpthread-2.19.so
7f209afcf000-7f209afd3000 rw-p 00000000 00:00 0 
7f209afd3000-7f209afd6000 r-xp 00000000 08:01 9699432                    /lib/x86_64-linux-gnu/libdl-2.19.so
7f209afd6000-7f209b1d5000 ---p 00003000 08:01 9699432                    /lib/x86_64-linux-gnu/libdl-2.19.so
7f209b1d5000-7f209b1d6000 r--p 00002000 08:01 9699432                    /lib/x86_64-linux-gnu/libdl-2.19.so
7f209b1d6000-7f209b1d7000 rw-p 00003000 08:01 9699432                    /lib/x86_64-linux-gnu/libdl-2.19.so
7f209b1d7000-7f209b392000 r-xp 00000000 08:01 9699420                    /lib/x86_64-linux-gnu/libc-2.19.so
7f209b392000-7f209b592000 ---p 001bb000 08:01 9699420                    /lib/x86_64-linux-gnu/libc-2.19.so
7f209b592000-7f209b596000 r--p 001bb000 08:01 9699420                    /lib/x86_64-linux-gnu/libc-2.19.so
7f209b596000-7f209b598000 rw-p 001bf000 08:01 9699420                    /lib/x86_64-linux-gnu/libc-2.19.so
7f209b598000-7f209b59d000 rw-p 00000000 00:00 0 
7f209b59d000-7f209b5aa000 r-xp 00000000 08:01 11802789                   /usr/lib/jvm/java-7-openjdk-amd64/jre/lib/amd64/jli/libjli.so
7f209b5aa000-7f209b7a9000 ---p 0000d000 08:01 11802789                   /usr/lib/jvm/java-7-openjdk-amd64/jre/lib/amd64/jli/libjli.so
7f209b7a9000-7f209b7aa000 r--p 0000c000 08:01 11802789                   /usr/lib/jvm/java-7-openjdk-amd64/jre/lib/amd64/jli/libjli.so
7f209b7aa000-7f209b7ab000 rw-p 0000d000 08:01 11802789                   /usr/lib/jvm/java-7-openjdk-amd64/jre/lib/amd64/jli/libjli.so
7f209b7ab000-7f209b7ce000 r-xp 00000000 08:01 9699421                    /lib/x86_64-linux-gnu/ld-2.19.so
7f209b7ce000-7f209b7cf000 r--s 000fa000 08:01 4981                       /home/oleh/.gradle/caches/modules-2/files-2.1/com.badlogicgames.gdx/gdx-box2d-platform/1.4.1/f5d0058176f459375361fadf3a0b3d9f6f852a37/gdx-box2d-platform-1.4.1-natives-desktop.jar
7f209b7cf000-7f209b7d3000 r--s 00085000 08:01 11802856                   /usr/lib/jvm/java-7-openjdk-amd64/jre/lib/ext/localedata.jar
7f209b7d3000-7f209b7d5000 r--s 00012000 08:01 11802854                   /usr/lib/jvm/java-7-openjdk-amd64/jre/lib/ext/zipfs.jar
7f209b7d5000-7f209b7d7000 r--s 00006000 08:01 12189901                   /usr/share/java/java-atk-wrapper.jar
7f209b7d7000-7f209b7da000 r--s 0000f000 08:01 11802853                   /usr/lib/jvm/java-7-openjdk-amd64/jre/lib/ext/icedtea-sound.jar
7f209b7da000-7f209b7fb000 rw-p 00000000 00:00 0 
7f209b7fb000-7f209b8b1000 rw-p 00000000 00:00 0 
7f209b8b1000-7f209b8b4000 ---p 00000000 00:00 0 
7f209b8b4000-7f209b9b7000 rw-p 00000000 00:00 0                          [stack:3513]
7f209b9b7000-7f209b9b8000 r--s 00003000 08:01 1704719                    /home/oleh/project/workspace/bricks/bricks-extent/target/bricks-extent-0.0.1-SNAPSHOT.jar
7f209b9b8000-7f209b9b9000 r--s 00002000 08:01 11802858                   /usr/lib/jvm/java-7-openjdk-amd64/jre/lib/ext/dnsns.jar
7f209b9b9000-7f209b9bd000 r--s 00034000 08:01 11802857                   /usr/lib/jvm/java-7-openjdk-amd64/jre/lib/ext/sunjce_provider.jar
7f209b9bd000-7f209b9c1000 r--s 0003c000 08:01 11802855                   /usr/lib/jvm/java-7-openjdk-amd64/jre/lib/ext/sunpkcs11.jar
7f209b9c1000-7f209b9c9000 rw-s 00000000 08:01 2101380                    /tmp/hsperfdata_oleh/3508
7f209b9c9000-7f209b9ca000 rw-p 00000000 00:00 0 
7f209b9ca000-7f209b9cb000 r--p 00000000 00:00 0 
7f209b9cb000-7f209b9cd000 rw-p 00000000 00:00 0 
7f209b9cd000-7f209b9ce000 r--p 00022000 08:01 9699421                    /lib/x86_64-linux-gnu/ld-2.19.so
7f209b9ce000-7f209b9cf000 rw-p 00023000 08:01 9699421                    /lib/x86_64-linux-gnu/ld-2.19.so
7f209b9cf000-7f209b9d0000 rw-p 00000000 00:00 0 
7fff41610000-7fff41632000 rw-p 00000000 00:00 0                          [stack]
7fff417fe000-7fff41800000 r-xp 00000000 00:00 0                          [vdso]
ffffffffff600000-ffffffffff601000 r-xp 00000000 00:00 0                  [vsyscall]

VM Arguments:
jvm_args: -Dfile.encoding=UTF-8 
java_command: com.odmyhal.sf.desktop.DesktopLauncher
Launcher Type: SUN_STANDARD

Environment Variables:
PATH=/usr/local/sbin:/usr/local/bin:/usr/sbin:/usr/bin:/sbin:/bin:/usr/games:/usr/local/games
SHELL=/bin/bash
DISPLAY=:0

Signal Handlers:
SIGSEGV: [libjvm.so+0x9495e0], sa_mask[0]=0x7ffbfeff, sa_flags=0x10000004
SIGBUS: [libjvm.so+0x9495e0], sa_mask[0]=0x7ffbfeff, sa_flags=0x10000004
SIGFPE: [libjvm.so+0x7c3410], sa_mask[0]=0x7ffbfeff, sa_flags=0x10000004
SIGPIPE: [libjvm.so+0x7c3410], sa_mask[0]=0x7ffbfeff, sa_flags=0x10000004
SIGXFSZ: [libjvm.so+0x7c3410], sa_mask[0]=0x7ffbfeff, sa_flags=0x10000004
SIGILL: [libjvm.so+0x7c3410], sa_mask[0]=0x7ffbfeff, sa_flags=0x10000004
SIGUSR1: SIG_DFL, sa_mask[0]=0x00000000, sa_flags=0x00000000
SIGUSR2: [libjvm.so+0x7c32b0], sa_mask[0]=0x00000004, sa_flags=0x10000004
SIGHUP: [libjvm.so+0x7c3490], sa_mask[0]=0x7ffbfeff, sa_flags=0x10000004
SIGINT: [libjvm.so+0x7c3490], sa_mask[0]=0x7ffbfeff, sa_flags=0x10000004
SIGTERM: [libjvm.so+0x7c3490], sa_mask[0]=0x7ffbfeff, sa_flags=0x10000004
SIGQUIT: [libjvm.so+0x7c3490], sa_mask[0]=0x7ffbfeff, sa_flags=0x10000004
SIGTRAP: SIG_DFL, sa_mask[0]=0x00000000, sa_flags=0x00000000


---------------  S Y S T E M  ---------------

OS:Ubuntu 14.04 (trusty)
uname:Linux 3.13.0-40-generic #69-Ubuntu SMP Thu Nov 13 17:53:56 UTC 2014 x86_64
libc:glibc 2.19 NPTL 2.19 
rlimit: STACK 8192k, CORE 0k, NPROC 31452, NOFILE 4096, AS infinity
load average:0,28 0,60 0,64

/proc/meminfo:
MemTotal:        4047560 kB
MemFree:          376520 kB
Buffers:          198064 kB
Cached:          1365148 kB
SwapCached:            0 kB
Active:          2109336 kB
Inactive:        1298660 kB
Active(anon):    1306320 kB
Inactive(anon):   554684 kB
Active(file):     803016 kB
Inactive(file):   743976 kB
Unevictable:          32 kB
Mlocked:              32 kB
SwapTotal:       4192252 kB
SwapFree:        4192032 kB
Dirty:               172 kB
Writeback:             0 kB
AnonPages:       1844796 kB
Mapped:           214216 kB
Shmem:             16216 kB
Slab:             154084 kB
SReclaimable:     123188 kB
SUnreclaim:        30896 kB
KernelStack:        4488 kB
PageTables:        40984 kB
NFS_Unstable:          0 kB
Bounce:                0 kB
WritebackTmp:          0 kB
CommitLimit:     6216032 kB
Committed_AS:    5397084 kB
VmallocTotal:   34359738367 kB
VmallocUsed:      329424 kB
VmallocChunk:   34359367252 kB
HardwareCorrupted:     0 kB
AnonHugePages:    915456 kB
HugePages_Total:       0
HugePages_Free:        0
HugePages_Rsvd:        0
HugePages_Surp:        0
Hugepagesize:       2048 kB
DirectMap4k:       60928 kB
DirectMap2M:     4132864 kB


CPU:total 4 (4 cores per cpu, 1 threads per core) family 6 model 23 stepping 10, cmov, cx8, fxsr, mmx, sse, sse2, sse3, ssse3, sse4.1, tsc

/proc/cpuinfo:
processor	: 0
vendor_id	: GenuineIntel
cpu family	: 6
model		: 23
model name	: Intel(R) Core(TM)2 Quad CPU    Q8300  @ 2.50GHz
stepping	: 10
microcode	: 0xa07
cpu MHz		: 2499.000
cache size	: 2048 KB
physical id	: 0
siblings	: 4
core id		: 0
cpu cores	: 4
apicid		: 0
initial apicid	: 0
fpu		: yes
fpu_exception	: yes
cpuid level	: 13
wp		: yes
flags		: fpu vme de pse tsc msr pae mce cx8 apic sep mtrr pge mca cmov pat pse36 clflush dts acpi mmx fxsr sse sse2 ss ht tm pbe syscall nx lm constant_tsc arch_perfmon pebs bts rep_good nopl aperfmperf pni dtes64 monitor ds_cpl est tm2 ssse3 cx16 xtpr pdcm sse4_1 xsave lahf_lm dtherm
bogomips	: 4999.97
clflush size	: 64
cache_alignment	: 64
address sizes	: 36 bits physical, 48 bits virtual
power management:

processor	: 1
vendor_id	: GenuineIntel
cpu family	: 6
model		: 23
model name	: Intel(R) Core(TM)2 Quad CPU    Q8300  @ 2.50GHz
stepping	: 10
microcode	: 0xa07
cpu MHz		: 2499.000
cache size	: 2048 KB
physical id	: 0
siblings	: 4
core id		: 1
cpu cores	: 4
apicid		: 1
initial apicid	: 1
fpu		: yes
fpu_exception	: yes
cpuid level	: 13
wp		: yes
flags		: fpu vme de pse tsc msr pae mce cx8 apic sep mtrr pge mca cmov pat pse36 clflush dts acpi mmx fxsr sse sse2 ss ht tm pbe syscall nx lm constant_tsc arch_perfmon pebs bts rep_good nopl aperfmperf pni dtes64 monitor ds_cpl est tm2 ssse3 cx16 xtpr pdcm sse4_1 xsave lahf_lm dtherm
bogomips	: 4999.97
clflush size	: 64
cache_alignment	: 64
address sizes	: 36 bits physical, 48 bits virtual
power management:

processor	: 2
vendor_id	: GenuineIntel
cpu family	: 6
model		: 23
model name	: Intel(R) Core(TM)2 Quad CPU    Q8300  @ 2.50GHz
stepping	: 10
microcode	: 0xa07
cpu MHz		: 2003.000
cache size	: 2048 KB
physical id	: 0
siblings	: 4
core id		: 2
cpu cores	: 4
apicid		: 2
initial apicid	: 2
fpu		: yes
fpu_exception	: yes
cpuid level	: 13
wp		: yes
flags		: fpu vme de pse tsc msr pae mce cx8 apic sep mtrr pge mca cmov pat pse36 clflush dts acpi mmx fxsr sse sse2 ss ht tm pbe syscall nx lm constant_tsc arch_perfmon pebs bts rep_good nopl aperfmperf pni dtes64 monitor ds_cpl est tm2 ssse3 cx16 xtpr pdcm sse4_1 xsave lahf_lm dtherm
bogomips	: 4999.97
clflush size	: 64
cache_alignment	: 64
address sizes	: 36 bits physical, 48 bits virtual
power management:

processor	: 3
vendor_id	: GenuineIntel
cpu family	: 6
model		: 23
model name	: Intel(R) Core(TM)2 Quad CPU    Q8300  @ 2.50GHz
stepping	: 10
microcode	: 0xa07
cpu MHz		: 2003.000
cache size	: 2048 KB
physical id	: 0
siblings	: 4
core id		: 3
cpu cores	: 4
apicid		: 3
initial apicid	: 3
fpu		: yes
fpu_exception	: yes
cpuid level	: 13
wp		: yes
flags		: fpu vme de pse tsc msr pae mce cx8 apic sep mtrr pge mca cmov pat pse36 clflush dts acpi mmx fxsr sse sse2 ss ht tm pbe syscall nx lm constant_tsc arch_perfmon pebs bts rep_good nopl aperfmperf pni dtes64 monitor ds_cpl est tm2 ssse3 cx16 xtpr pdcm sse4_1 xsave lahf_lm dtherm
bogomips	: 4999.97
clflush size	: 64
cache_alignment	: 64
address sizes	: 36 bits physical, 48 bits virtual
power management:



Memory: 4k page, physical 4047560k(376520k free), swap 4192252k(4192032k free)

vm_info: OpenJDK 64-Bit Server VM (24.65-b04) for linux-amd64 JRE (1.7.0_65-b32), built on Oct 22 2014 04:37:44 by "buildd" with gcc 4.8.2

time: Sat Nov 29 10:55:34 2014
elapsed time: 1 seconds

